INFO:root:Testbench: conv
INFO:root:About: Convolution of 16x16 matrix with 3x3 kernel. There is a problem in raccu with other loop, register 14 has zeros in it while register 13 has its values.
INFO:root:Cell: cell_0_0
INFO:root:Cell cell_0_0 created
INFO:root:Cell cell_0_0 window: {'start': 1866, 'end': 4746}
INFO:root:hop cycles: 0
INFO:root:Assembly window: {'start': 1866, 'end': 4746}
INFO:root:Added cell cell_0_0 to the assembly
INFO:root:Cell: cell_0_1
INFO:root:Cell cell_0_1 created
INFO:root:Cell cell_0_1 window: {'start': 1866, 'end': 4746}
INFO:root:hop cycles: 12
INFO:root:Assembly window: {'start': 1878, 'end': 4758}
INFO:root:Added cell cell_0_1 to the assembly
INFO:root:Cell: cell_1_0
INFO:root:Cell cell_1_0 created
INFO:root:Cell cell_1_0 window: {'start': 1866, 'end': 4746}
INFO:root:hop cycles: 12
INFO:root:Assembly window: {'start': 1878, 'end': 4758}
INFO:root:Added cell cell_1_0 to the assembly
INFO:root:Cell: cell_1_1
INFO:root:-----------------------------------------------------------
INFO:root:raccu
INFO:root:['Silago_top_l_corner_inst*0_0*u_Raccu']
INFO:root:-----------------------------------------------------------
INFO:root:  active : 1866                 1914                 4                    
INFO:root:  active : 2118                 2238                 10                   
INFO:root:  active : 2298                 2418                 10                   
INFO:root:  active : 2478                 2598                 10                   
INFO:root:  active : 2658                 2778                 10                   
INFO:root:  active : 2838                 2958                 10                   
INFO:root:  active : 3018                 3138                 10                   
INFO:root:  active : 3198                 3318                 10                   
INFO:root:  active : 3378                 3498                 10                   
INFO:root:  active : 3558                 3678                 10                   
INFO:root:  active : 3738                 3858                 10                   
INFO:root:  active : 3918                 4038                 10                   
INFO:root:  active : 4098                 4218                 10                   
INFO:root:  active : 4278                 4398                 10                   
INFO:root:  active : 4458                 4578                 10                   
INFO:root:inactive : 1914                 2118                 17                   
INFO:root:inactive : 2238                 2298                 5                    
INFO:root:inactive : 2418                 2478                 5                    
INFO:root:inactive : 2598                 2658                 5                    
INFO:root:inactive : 2778                 2838                 5                    
INFO:root:inactive : 2958                 3018                 5                    
INFO:root:inactive : 3138                 3198                 5                    
INFO:root:inactive : 3318                 3378                 5                    
INFO:root:inactive : 3498                 3558                 5                    
INFO:root:inactive : 3678                 3738                 5                    
INFO:root:inactive : 3858                 3918                 5                    
INFO:root:inactive : 4038                 4098                 5                    
INFO:root:inactive : 4218                 4278                 5                    
INFO:root:inactive : 4398                 4458                 5                    
INFO:root:inactive : 4578                 4746                 14                   
INFO:root:-----------------------------------------------------------
INFO:root:sequencer
INFO:root:['Silago_top_l_corner_inst*0_0*seq_gen']
INFO:root:-----------------------------------------------------------
INFO:root:  active : 1866                 4746                 240                  
INFO:root:-----------------------------------------------------------
INFO:root:noc
INFO:root:['Silago_top_l_corner_inst*0_0*noc', 'Silago_top_l_corner_inst*0_0*partition', 'Silago_top_l_corner_inst*0_0*splitter']
INFO:root:-----------------------------------------------------------
INFO:root:  active : 1890                 1926                 3                    
INFO:root:  active : 4674                 4710                 3                    
INFO:root:inactive : 1866                 1890                 2                    
INFO:root:inactive : 1926                 4674                 229                  
INFO:root:inactive : 4710                 4746                 3                    
INFO:root:-----------------------------------------------------------
INFO:root:dimarch_agu
INFO:root:['DiMArchTile_bot_l_inst_0_1*AGU']
INFO:root:-----------------------------------------------------------
INFO:root:  active : 1914                 1986                 6                    
INFO:root:  active : 4698                 4746                 4                    
INFO:root:inactive : 1866                 1914                 4                    
INFO:root:inactive : 1986                 4698                 226                  
INFO:root:-----------------------------------------------------------
INFO:root:sram
INFO:root:['DiMArchTile_bot_l_inst_0_1*u_sram']
INFO:root:-----------------------------------------------------------
INFO:root:  active : 1938                 1986                 4                    
INFO:root:  active : 4722                 4746                 2                    
INFO:root:inactive : 1866                 1938                 6                    
INFO:root:inactive : 1986                 4722                 228                  
INFO:root:-----------------------------------------------------------
INFO:root:dimarch
INFO:root:['DiMArchTile_bot_l_inst_0_1*DiMArch']
INFO:root:-----------------------------------------------------------
INFO:root:  active : 1890                 2010                 10                   
INFO:root:  active : 4674                 4770                 8                    
INFO:root:inactive : 1866                 1890                 2                    
INFO:root:inactive : 2010                 4674                 222                  
INFO:root:inactive : 4770                 4746                 -2                   
INFO:root:-----------------------------------------------------------
INFO:root:regfile
INFO:root:['Silago_top_l_corner_inst*0_0*reg_top']
INFO:root:-----------------------------------------------------------
INFO:root:  active : 1914                 2022                 9                    
INFO:root:  active : 2190                 2334                 12                   
INFO:root:  active : 2370                 2514                 12                   
INFO:root:  active : 2550                 2694                 12                   
INFO:root:  active : 2730                 2874                 12                   
INFO:root:  active : 2910                 3054                 12                   
INFO:root:  active : 3090                 3234                 12                   
INFO:root:  active : 3270                 3414                 12                   
INFO:root:  active : 3450                 3594                 12                   
INFO:root:  active : 3630                 3774                 12                   
INFO:root:  active : 3810                 3954                 12                   
INFO:root:  active : 3990                 4134                 12                   
INFO:root:  active : 4170                 4314                 12                   
INFO:root:  active : 4350                 4494                 12                   
INFO:root:  active : 4530                 4734                 17                   
INFO:root:inactive : 1866                 1914                 4                    
INFO:root:inactive : 2022                 2190                 14                   
INFO:root:inactive : 2334                 2370                 3                    
INFO:root:inactive : 2514                 2550                 3                    
INFO:root:inactive : 2694                 2730                 3                    
INFO:root:inactive : 2874                 2910                 3                    
INFO:root:inactive : 3054                 3090                 3                    
INFO:root:inactive : 3234                 3270                 3                    
INFO:root:inactive : 3414                 3450                 3                    
INFO:root:inactive : 3594                 3630                 3                    
INFO:root:inactive : 3774                 3810                 3                    
INFO:root:inactive : 3954                 3990                 3                    
INFO:root:inactive : 4134                 4170                 3                    
INFO:root:inactive : 4314                 4350                 3                    
INFO:root:inactive : 4494                 4530                 3                    
INFO:root:inactive : 4734                 4746                 1                    
INFO:root:-----------------------------------------------------------
INFO:root:dpu
INFO:root:['Silago_top_l_corner_inst*0_0*dpu_gen']
INFO:root:-----------------------------------------------------------
INFO:root:  active : 2178                 2310                 11                   
INFO:root:  active : 2358                 2490                 11                   
INFO:root:  active : 2538                 2670                 11                   
INFO:root:  active : 2718                 2850                 11                   
INFO:root:  active : 2898                 3030                 11                   
INFO:root:  active : 3078                 3210                 11                   
INFO:root:  active : 3258                 3390                 11                   
INFO:root:  active : 3438                 3570                 11                   
INFO:root:  active : 3618                 3750                 11                   
INFO:root:  active : 3798                 3930                 11                   
INFO:root:  active : 3978                 4110                 11                   
INFO:root:  active : 4158                 4290                 11                   
INFO:root:  active : 4338                 4470                 11                   
INFO:root:  active : 4518                 4650                 11                   
INFO:root:inactive : 1866                 2178                 26                   
INFO:root:inactive : 2310                 2358                 4                    
INFO:root:inactive : 2490                 2538                 4                    
INFO:root:inactive : 2670                 2718                 4                    
INFO:root:inactive : 2850                 2898                 4                    
INFO:root:inactive : 3030                 3078                 4                    
INFO:root:inactive : 3210                 3258                 4                    
INFO:root:inactive : 3390                 3438                 4                    
INFO:root:inactive : 3570                 3618                 4                    
INFO:root:inactive : 3750                 3798                 4                    
INFO:root:inactive : 3930                 3978                 4                    
INFO:root:inactive : 4110                 4158                 4                    
INFO:root:inactive : 4290                 4338                 4                    
INFO:root:inactive : 4470                 4518                 4                    
INFO:root:inactive : 4650                 4746                 8                    
INFO:root:-----------------------------------------------------------
INFO:root:config_swb
INFO:root:['Silago_top_l_corner_inst*0_0*config_swb']
INFO:root:-----------------------------------------------------------
INFO:root:  active : 2154                 2178                 2                    
INFO:root:  active : 2226                 2238                 1                    
INFO:root:  active : 2334                 2358                 2                    
INFO:root:  active : 2406                 2418                 1                    
INFO:root:  active : 2514                 2538                 2                    
INFO:root:  active : 2586                 2598                 1                    
INFO:root:  active : 2694                 2718                 2                    
INFO:root:  active : 2766                 2778                 1                    
INFO:root:  active : 2874                 2898                 2                    
INFO:root:  active : 2946                 2958                 1                    
INFO:root:  active : 3054                 3078                 2                    
INFO:root:  active : 3126                 3138                 1                    
INFO:root:  active : 3234                 3258                 2                    
INFO:root:  active : 3306                 3318                 1                    
INFO:root:  active : 3414                 3438                 2                    
INFO:root:  active : 3486                 3498                 1                    
INFO:root:  active : 3594                 3618                 2                    
INFO:root:  active : 3666                 3678                 1                    
INFO:root:  active : 3774                 3798                 2                    
INFO:root:  active : 3846                 3858                 1                    
INFO:root:  active : 3954                 3978                 2                    
INFO:root:  active : 4026                 4038                 1                    
INFO:root:  active : 4134                 4158                 2                    
INFO:root:  active : 4206                 4218                 1                    
INFO:root:  active : 4314                 4338                 2                    
INFO:root:  active : 4386                 4398                 1                    
INFO:root:  active : 4494                 4518                 2                    
INFO:root:  active : 4566                 4578                 1                    
INFO:root:inactive : 1866                 2154                 24                   
INFO:root:inactive : 2178                 2226                 4                    
INFO:root:inactive : 2238                 2334                 8                    
INFO:root:inactive : 2358                 2406                 4                    
INFO:root:inactive : 2418                 2514                 8                    
INFO:root:inactive : 2538                 2586                 4                    
INFO:root:inactive : 2598                 2694                 8                    
INFO:root:inactive : 2718                 2766                 4                    
INFO:root:inactive : 2778                 2874                 8                    
INFO:root:inactive : 2898                 2946                 4                    
INFO:root:inactive : 2958                 3054                 8                    
INFO:root:inactive : 3078                 3126                 4                    
INFO:root:inactive : 3138                 3234                 8                    
INFO:root:inactive : 3258                 3306                 4                    
INFO:root:inactive : 3318                 3414                 8                    
INFO:root:inactive : 3438                 3486                 4                    
INFO:root:inactive : 3498                 3594                 8                    
INFO:root:inactive : 3618                 3666                 4                    
INFO:root:inactive : 3678                 3774                 8                    
INFO:root:inactive : 3798                 3846                 4                    
INFO:root:inactive : 3858                 3954                 8                    
INFO:root:inactive : 3978                 4026                 4                    
INFO:root:inactive : 4038                 4134                 8                    
INFO:root:inactive : 4158                 4206                 4                    
INFO:root:inactive : 4218                 4314                 8                    
INFO:root:inactive : 4338                 4386                 4                    
INFO:root:inactive : 4398                 4494                 8                    
INFO:root:inactive : 4518                 4566                 4                    
INFO:root:inactive : 4578                 4746                 14                   
INFO:root:-----------------------------------------------------------
INFO:root:swb
INFO:root:['Silago_top_l_corner_inst*0_0*swb']
INFO:root:-----------------------------------------------------------
INFO:root:  active : 2190                 2286                 8                    
INFO:root:  active : 2370                 2466                 8                    
INFO:root:  active : 2550                 2646                 8                    
INFO:root:  active : 2730                 2826                 8                    
INFO:root:  active : 2910                 3006                 8                    
INFO:root:  active : 3090                 3186                 8                    
INFO:root:  active : 3270                 3366                 8                    
INFO:root:  active : 3450                 3546                 8                    
INFO:root:  active : 3630                 3726                 8                    
INFO:root:  active : 3810                 3906                 8                    
INFO:root:  active : 3990                 4086                 8                    
INFO:root:  active : 4170                 4266                 8                    
INFO:root:  active : 4350                 4446                 8                    
INFO:root:  active : 4530                 4626                 8                    
INFO:root:inactive : 1866                 2190                 27                   
INFO:root:inactive : 2286                 2370                 7                    
INFO:root:inactive : 2466                 2550                 7                    
INFO:root:inactive : 2646                 2730                 7                    
INFO:root:inactive : 2826                 2910                 7                    
INFO:root:inactive : 3006                 3090                 7                    
INFO:root:inactive : 3186                 3270                 7                    
INFO:root:inactive : 3366                 3450                 7                    
INFO:root:inactive : 3546                 3630                 7                    
INFO:root:inactive : 3726                 3810                 7                    
INFO:root:inactive : 3906                 3990                 7                    
INFO:root:inactive : 4086                 4170                 7                    
INFO:root:inactive : 4266                 4350                 7                    
INFO:root:inactive : 4446                 4530                 7                    
INFO:root:inactive : 4626                 4746                 10                   
INFO:root:-----------------------------------------------------------
INFO:root:shadow_reg
INFO:root:['Silago_top_l_corner_inst*0_0*shadowReg']
INFO:root:-----------------------------------------------------------
INFO:root:  active : 1890                 1926                 3                    
INFO:root:  active : 2154                 2202                 4                    
INFO:root:  active : 2226                 2238                 1                    
INFO:root:  active : 2334                 2382                 4                    
INFO:root:  active : 2406                 2418                 1                    
INFO:root:  active : 2514                 2562                 4                    
INFO:root:  active : 2586                 2598                 1                    
INFO:root:  active : 2694                 2742                 4                    
INFO:root:  active : 2766                 2778                 1                    
INFO:root:  active : 2874                 2922                 4                    
INFO:root:  active : 2946                 2958                 1                    
INFO:root:  active : 3054                 3102                 4                    
INFO:root:  active : 3126                 3138                 1                    
INFO:root:  active : 3234                 3282                 4                    
INFO:root:  active : 3306                 3318                 1                    
INFO:root:  active : 3414                 3462                 4                    
INFO:root:  active : 3486                 3498                 1                    
INFO:root:  active : 3594                 3642                 4                    
INFO:root:  active : 3666                 3678                 1                    
INFO:root:  active : 3774                 3822                 4                    
INFO:root:  active : 3846                 3858                 1                    
INFO:root:  active : 3954                 4002                 4                    
INFO:root:  active : 4026                 4038                 1                    
INFO:root:  active : 4134                 4182                 4                    
INFO:root:  active : 4206                 4218                 1                    
INFO:root:  active : 4314                 4362                 4                    
INFO:root:  active : 4386                 4398                 1                    
INFO:root:  active : 4494                 4542                 4                    
INFO:root:  active : 4566                 4578                 1                    
INFO:root:  active : 4674                 4710                 3                    
INFO:root:inactive : 1866                 1890                 2                    
INFO:root:inactive : 1926                 2154                 19                   
INFO:root:inactive : 2202                 2226                 2                    
INFO:root:inactive : 2238                 2334                 8                    
INFO:root:inactive : 2382                 2406                 2                    
INFO:root:inactive : 2418                 2514                 8                    
INFO:root:inactive : 2562                 2586                 2                    
INFO:root:inactive : 2598                 2694                 8                    
INFO:root:inactive : 2742                 2766                 2                    
INFO:root:inactive : 2778                 2874                 8                    
INFO:root:inactive : 2922                 2946                 2                    
INFO:root:inactive : 2958                 3054                 8                    
INFO:root:inactive : 3102                 3126                 2                    
INFO:root:inactive : 3138                 3234                 8                    
INFO:root:inactive : 3282                 3306                 2                    
INFO:root:inactive : 3318                 3414                 8                    
INFO:root:inactive : 3462                 3486                 2                    
INFO:root:inactive : 3498                 3594                 8                    
INFO:root:inactive : 3642                 3666                 2                    
INFO:root:inactive : 3678                 3774                 8                    
INFO:root:inactive : 3822                 3846                 2                    
INFO:root:inactive : 3858                 3954                 8                    
INFO:root:inactive : 4002                 4026                 2                    
INFO:root:inactive : 4038                 4134                 8                    
INFO:root:inactive : 4182                 4206                 2                    
INFO:root:inactive : 4218                 4314                 8                    
INFO:root:inactive : 4362                 4386                 2                    
INFO:root:inactive : 4398                 4494                 8                    
INFO:root:inactive : 4542                 4566                 2                    
INFO:root:inactive : 4578                 4674                 8                    
INFO:root:inactive : 4710                 4746                 3                    
INFO:root:-----------------------------------------------------------
INFO:root:bus_selector
INFO:root:['Silago_top_l_corner_inst*0_0*u_bus_selector']
INFO:root:-----------------------------------------------------------
INFO:root:  active : 1890                 1926                 3                    
INFO:root:  active : 4674                 4710                 3                    
INFO:root:  active : 2022                 2058                 3                    
INFO:root:inactive : 1866                 1890                 2                    
INFO:root:inactive : 1926                 4674                 229                  
INFO:root:inactive : 4710                 2022                 -224                 
INFO:root:inactive : 2058                 4746                 224                  
INFO:root:-----------------------------------------------------------
INFO:root:dimarch_data_in_out_reg
INFO:root:['Silago_top_l_corner_inst*0_0*dimarch_data_in_out_reg']
INFO:root:-----------------------------------------------------------
INFO:root:  active : 1974                 2022                 4                    
INFO:root:  active : 4758                 4782                 2                    
INFO:root:inactive : 1866                 1974                 9                    
INFO:root:inactive : 2022                 4758                 228                  
INFO:root:inactive : 4782                 4746                 -3                   
INFO:root:-----------------------------------------------------------
INFO:root:raccu
INFO:root:['Silago_top_inst*1_0*u_Raccu']
INFO:root:-----------------------------------------------------------
INFO:root:  active : 1878                 1926                 4                    
INFO:root:  active : 2118                 2238                 10                   
INFO:root:  active : 2298                 2418                 10                   
INFO:root:  active : 2478                 2598                 10                   
INFO:root:  active : 2658                 2778                 10                   
INFO:root:  active : 2838                 2958                 10                   
INFO:root:  active : 3018                 3138                 10                   
INFO:root:  active : 3198                 3318                 10                   
INFO:root:  active : 3378                 3498                 10                   
INFO:root:  active : 3558                 3678                 10                   
INFO:root:  active : 3738                 3858                 10                   
INFO:root:  active : 3918                 4038                 10                   
INFO:root:  active : 4098                 4218                 10                   
INFO:root:  active : 4278                 4398                 10                   
INFO:root:  active : 4458                 4578                 10                   
INFO:root:inactive : 1866                 1878                 1                    
INFO:root:inactive : 1926                 2118                 16                   
INFO:root:inactive : 2238                 2298                 5                    
INFO:root:inactive : 2418                 2478                 5                    
INFO:root:inactive : 2598                 2658                 5                    
INFO:root:inactive : 2778                 2838                 5                    
INFO:root:inactive : 2958                 3018                 5                    
INFO:root:inactive : 3138                 3198                 5                    
INFO:root:inactive : 3318                 3378                 5                    
INFO:root:inactive : 3498                 3558                 5                    
INFO:root:inactive : 3678                 3738                 5                    
INFO:root:inactive : 3858                 3918                 5                    
INFO:root:inactive : 4038                 4098                 5                    
INFO:root:inactive : 4218                 4278                 5                    
INFO:root:inactive : 4398                 4458                 5                    
INFO:root:inactive : 4578                 4746                 14                   
INFO:root:-----------------------------------------------------------
INFO:root:sequencer
INFO:root:['Silago_top_inst*1_0*seq_gen']
INFO:root:-----------------------------------------------------------
INFO:root:  active : 1878                 4746                 239                  
INFO:root:inactive : 1866                 1878                 1                    
INFO:root:-----------------------------------------------------------
INFO:root:noc
INFO:root:['Silago_top_inst*1_0*noc', 'Silago_top_inst*1_0*partition', 'Silago_top_inst*1_0*splitter']
INFO:root:-----------------------------------------------------------
INFO:root:  active : 1890                 1926                 3                    
INFO:root:  active : 2022                 2058                 3                    
INFO:root:inactive : 1866                 1890                 2                    
INFO:root:inactive : 1926                 2022                 8                    
INFO:root:inactive : 2058                 4746                 224                  
INFO:root:-----------------------------------------------------------
INFO:root:dimarch_agu
INFO:root:['DiMArchTile_bot_inst_1_1*AGU']
INFO:root:-----------------------------------------------------------
INFO:root:  active : 1914                 1986                 6                    
INFO:root:  active : 4686                 4734                 4                    
INFO:root:inactive : 1866                 1914                 4                    
INFO:root:inactive : 1986                 4686                 225                  
INFO:root:inactive : 4734                 4746                 1                    
INFO:root:-----------------------------------------------------------
INFO:root:sram
INFO:root:['DiMArchTile_bot_inst_1_1*u_sram']
INFO:root:-----------------------------------------------------------
INFO:root:  active : 1938                 1986                 4                    
INFO:root:  active : 4710                 4734                 2                    
INFO:root:inactive : 1866                 1938                 6                    
INFO:root:inactive : 1986                 4710                 227                  
INFO:root:inactive : 4734                 4746                 1                    
INFO:root:-----------------------------------------------------------
INFO:root:dimarch
INFO:root:['DiMArchTile_bot_inst_1_1*DiMArch']
INFO:root:-----------------------------------------------------------
INFO:root:  active : 1890                 2010                 10                   
INFO:root:  active : 2022                 2034                 1                    
INFO:root:  active : 4674                 4758                 7                    
INFO:root:inactive : 1866                 1890                 2                    
INFO:root:inactive : 2010                 2022                 1                    
INFO:root:inactive : 2034                 4674                 220                  
INFO:root:inactive : 4758                 4746                 -1                   
INFO:root:-----------------------------------------------------------
INFO:root:regfile
INFO:root:['Silago_top_inst*1_0*reg_top']
INFO:root:-----------------------------------------------------------
INFO:root:  active : 1914                 2022                 9                    
INFO:root:  active : 2190                 2334                 12                   
INFO:root:  active : 2370                 2514                 12                   
INFO:root:  active : 2550                 2694                 12                   
INFO:root:  active : 2730                 2874                 12                   
INFO:root:  active : 2910                 3054                 12                   
INFO:root:  active : 3090                 3234                 12                   
INFO:root:  active : 3270                 3414                 12                   
INFO:root:  active : 3450                 3594                 12                   
INFO:root:  active : 3630                 3774                 12                   
INFO:root:  active : 3810                 3954                 12                   
INFO:root:  active : 3990                 4134                 12                   
INFO:root:  active : 4170                 4314                 12                   
INFO:root:  active : 4350                 4494                 12                   
INFO:root:  active : 4530                 4722                 16                   
INFO:root:inactive : 1866                 1914                 4                    
INFO:root:inactive : 2022                 2190                 14                   
INFO:root:inactive : 2334                 2370                 3                    
INFO:root:inactive : 2514                 2550                 3                    
INFO:root:inactive : 2694                 2730                 3                    
INFO:root:inactive : 2874                 2910                 3                    
INFO:root:inactive : 3054                 3090                 3                    
INFO:root:inactive : 3234                 3270                 3                    
INFO:root:inactive : 3414                 3450                 3                    
INFO:root:inactive : 3594                 3630                 3                    
INFO:root:inactive : 3774                 3810                 3                    
INFO:root:inactive : 3954                 3990                 3                    
INFO:root:inactive : 4134                 4170                 3                    
INFO:root:inactive : 4314                 4350                 3                    
INFO:root:inactive : 4494                 4530                 3                    
INFO:root:inactive : 4722                 4746                 2                    
INFO:root:-----------------------------------------------------------
INFO:root:dpu
INFO:root:['Silago_top_inst*1_0*dpu_gen']
INFO:root:-----------------------------------------------------------
INFO:root:  active : 2178                 2310                 11                   
INFO:root:  active : 2358                 2490                 11                   
INFO:root:  active : 2538                 2670                 11                   
INFO:root:  active : 2718                 2850                 11                   
INFO:root:  active : 2898                 3030                 11                   
INFO:root:  active : 3078                 3210                 11                   
INFO:root:  active : 3258                 3390                 11                   
INFO:root:  active : 3438                 3570                 11                   
INFO:root:  active : 3618                 3750                 11                   
INFO:root:  active : 3798                 3930                 11                   
INFO:root:  active : 3978                 4110                 11                   
INFO:root:  active : 4158                 4290                 11                   
INFO:root:  active : 4338                 4470                 11                   
INFO:root:  active : 4518                 4650                 11                   
INFO:root:inactive : 1866                 2178                 26                   
INFO:root:inactive : 2310                 2358                 4                    
INFO:root:inactive : 2490                 2538                 4                    
INFO:root:inactive : 2670                 2718                 4                    
INFO:root:inactive : 2850                 2898                 4                    
INFO:root:inactive : 3030                 3078                 4                    
INFO:root:inactive : 3210                 3258                 4                    
INFO:root:inactive : 3390                 3438                 4                    
INFO:root:inactive : 3570                 3618                 4                    
INFO:root:inactive : 3750                 3798                 4                    
INFO:root:inactive : 3930                 3978                 4                    
INFO:root:inactive : 4110                 4158                 4                    
INFO:root:inactive : 4290                 4338                 4                    
INFO:root:inactive : 4470                 4518                 4                    
INFO:root:inactive : 4650                 4746                 8                    
INFO:root:-----------------------------------------------------------
INFO:root:config_swb
INFO:root:['Silago_top_inst*1_0*config_swb']
INFO:root:-----------------------------------------------------------
INFO:root:  active : 2154                 2178                 2                    
INFO:root:  active : 2226                 2238                 1                    
INFO:root:  active : 2334                 2358                 2                    
INFO:root:  active : 2406                 2418                 1                    
INFO:root:  active : 2514                 2538                 2                    
INFO:root:  active : 2586                 2598                 1                    
INFO:root:  active : 2694                 2718                 2                    
INFO:root:  active : 2766                 2778                 1                    
INFO:root:  active : 2874                 2898                 2                    
INFO:root:  active : 2946                 2958                 1                    
INFO:root:  active : 3054                 3078                 2                    
INFO:root:  active : 3126                 3138                 1                    
INFO:root:  active : 3234                 3258                 2                    
INFO:root:  active : 3306                 3318                 1                    
INFO:root:  active : 3414                 3438                 2                    
INFO:root:  active : 3486                 3498                 1                    
INFO:root:  active : 3594                 3618                 2                    
INFO:root:  active : 3666                 3678                 1                    
INFO:root:  active : 3774                 3798                 2                    
INFO:root:  active : 3846                 3858                 1                    
INFO:root:  active : 3954                 3978                 2                    
INFO:root:  active : 4026                 4038                 1                    
INFO:root:  active : 4134                 4158                 2                    
INFO:root:  active : 4206                 4218                 1                    
INFO:root:  active : 4314                 4338                 2                    
INFO:root:  active : 4386                 4398                 1                    
INFO:root:  active : 4494                 4518                 2                    
INFO:root:  active : 4566                 4578                 1                    
INFO:root:inactive : 1866                 2154                 24                   
INFO:root:inactive : 2178                 2226                 4                    
INFO:root:inactive : 2238                 2334                 8                    
INFO:root:inactive : 2358                 2406                 4                    
INFO:root:inactive : 2418                 2514                 8                    
INFO:root:inactive : 2538                 2586                 4                    
INFO:root:inactive : 2598                 2694                 8                    
INFO:root:inactive : 2718                 2766                 4                    
INFO:root:inactive : 2778                 2874                 8                    
INFO:root:inactive : 2898                 2946                 4                    
INFO:root:inactive : 2958                 3054                 8                    
INFO:root:inactive : 3078                 3126                 4                    
INFO:root:inactive : 3138                 3234                 8                    
INFO:root:inactive : 3258                 3306                 4                    
INFO:root:inactive : 3318                 3414                 8                    
INFO:root:inactive : 3438                 3486                 4                    
INFO:root:inactive : 3498                 3594                 8                    
INFO:root:inactive : 3618                 3666                 4                    
INFO:root:inactive : 3678                 3774                 8                    
INFO:root:inactive : 3798                 3846                 4                    
INFO:root:inactive : 3858                 3954                 8                    
INFO:root:inactive : 3978                 4026                 4                    
INFO:root:inactive : 4038                 4134                 8                    
INFO:root:inactive : 4158                 4206                 4                    
INFO:root:inactive : 4218                 4314                 8                    
INFO:root:inactive : 4338                 4386                 4                    
INFO:root:inactive : 4398                 4494                 8                    
INFO:root:inactive : 4518                 4566                 4                    
INFO:root:inactive : 4578                 4746                 14                   
INFO:root:-----------------------------------------------------------
INFO:root:swb
INFO:root:['Silago_top_inst*1_0*swb']
INFO:root:-----------------------------------------------------------
INFO:root:  active : 2190                 2286                 8                    
INFO:root:  active : 2370                 2466                 8                    
INFO:root:  active : 2550                 2646                 8                    
INFO:root:  active : 2730                 2826                 8                    
INFO:root:  active : 2910                 3006                 8                    
INFO:root:  active : 3090                 3186                 8                    
INFO:root:  active : 3270                 3366                 8                    
INFO:root:  active : 3450                 3546                 8                    
INFO:root:  active : 3630                 3726                 8                    
INFO:root:  active : 3810                 3906                 8                    
INFO:root:  active : 3990                 4086                 8                    
INFO:root:  active : 4170                 4266                 8                    
INFO:root:  active : 4350                 4446                 8                    
INFO:root:  active : 4530                 4626                 8                    
INFO:root:inactive : 1866                 2190                 27                   
INFO:root:inactive : 2286                 2370                 7                    
INFO:root:inactive : 2466                 2550                 7                    
INFO:root:inactive : 2646                 2730                 7                    
INFO:root:inactive : 2826                 2910                 7                    
INFO:root:inactive : 3006                 3090                 7                    
INFO:root:inactive : 3186                 3270                 7                    
INFO:root:inactive : 3366                 3450                 7                    
INFO:root:inactive : 3546                 3630                 7                    
INFO:root:inactive : 3726                 3810                 7                    
INFO:root:inactive : 3906                 3990                 7                    
INFO:root:inactive : 4086                 4170                 7                    
INFO:root:inactive : 4266                 4350                 7                    
INFO:root:inactive : 4446                 4530                 7                    
INFO:root:inactive : 4626                 4746                 10                   
INFO:root:-----------------------------------------------------------
INFO:root:shadow_reg
INFO:root:['Silago_top_inst*1_0*shadowReg']
INFO:root:-----------------------------------------------------------
INFO:root:  active : 1890                 1926                 3                    
INFO:root:  active : 2022                 2034                 1                    
INFO:root:  active : 2154                 2202                 4                    
INFO:root:  active : 2226                 2238                 1                    
INFO:root:  active : 2334                 2382                 4                    
INFO:root:  active : 2406                 2418                 1                    
INFO:root:  active : 2514                 2562                 4                    
INFO:root:  active : 2586                 2598                 1                    
INFO:root:  active : 2694                 2742                 4                    
INFO:root:  active : 2766                 2778                 1                    
INFO:root:  active : 2874                 2922                 4                    
INFO:root:  active : 2946                 2958                 1                    
INFO:root:  active : 3054                 3102                 4                    
INFO:root:  active : 3126                 3138                 1                    
INFO:root:  active : 3234                 3282                 4                    
INFO:root:  active : 3306                 3318                 1                    
INFO:root:  active : 3414                 3462                 4                    
INFO:root:  active : 3486                 3498                 1                    
INFO:root:  active : 3594                 3642                 4                    
INFO:root:  active : 3666                 3678                 1                    
INFO:root:  active : 3774                 3822                 4                    
INFO:root:  active : 3846                 3858                 1                    
INFO:root:  active : 3954                 4002                 4                    
INFO:root:  active : 4026                 4038                 1                    
INFO:root:  active : 4134                 4182                 4                    
INFO:root:  active : 4206                 4218                 1                    
INFO:root:  active : 4314                 4362                 4                    
INFO:root:  active : 4386                 4398                 1                    
INFO:root:  active : 4494                 4542                 4                    
INFO:root:  active : 4566                 4578                 1                    
INFO:root:  active : 4674                 4698                 2                    
INFO:root:inactive : 1866                 1890                 2                    
INFO:root:inactive : 1926                 2022                 8                    
INFO:root:inactive : 2034                 2154                 10                   
INFO:root:inactive : 2202                 2226                 2                    
INFO:root:inactive : 2238                 2334                 8                    
INFO:root:inactive : 2382                 2406                 2                    
INFO:root:inactive : 2418                 2514                 8                    
INFO:root:inactive : 2562                 2586                 2                    
INFO:root:inactive : 2598                 2694                 8                    
INFO:root:inactive : 2742                 2766                 2                    
INFO:root:inactive : 2778                 2874                 8                    
INFO:root:inactive : 2922                 2946                 2                    
INFO:root:inactive : 2958                 3054                 8                    
INFO:root:inactive : 3102                 3126                 2                    
INFO:root:inactive : 3138                 3234                 8                    
INFO:root:inactive : 3282                 3306                 2                    
INFO:root:inactive : 3318                 3414                 8                    
INFO:root:inactive : 3462                 3486                 2                    
INFO:root:inactive : 3498                 3594                 8                    
INFO:root:inactive : 3642                 3666                 2                    
INFO:root:inactive : 3678                 3774                 8                    
INFO:root:inactive : 3822                 3846                 2                    
INFO:root:inactive : 3858                 3954                 8                    
INFO:root:inactive : 4002                 4026                 2                    
INFO:root:inactive : 4038                 4134                 8                    
INFO:root:inactive : 4182                 4206                 2                    
INFO:root:inactive : 4218                 4314                 8                    
INFO:root:inactive : 4362                 4386                 2                    
INFO:root:inactive : 4398                 4494                 8                    
INFO:root:inactive : 4542                 4566                 2                    
INFO:root:inactive : 4578                 4674                 8                    
INFO:root:inactive : 4698                 4746                 4                    
INFO:root:-----------------------------------------------------------
INFO:root:bus_selector
INFO:root:['Silago_top_inst*1_0*u_bus_selector']
INFO:root:-----------------------------------------------------------
INFO:root:  active : 1890                 1926                 3                    
INFO:root:  active : 2022                 2058                 3                    
INFO:root:inactive : 1866                 1890                 2                    
INFO:root:inactive : 1926                 2022                 8                    
INFO:root:inactive : 2058                 4746                 224                  
INFO:root:-----------------------------------------------------------
INFO:root:dimarch_data_in_out_reg
INFO:root:['Silago_top_inst*1_0*dimarch_data_in_out_reg']
INFO:root:-----------------------------------------------------------
INFO:root:  active : 1974                 2022                 4                    
INFO:root:  active : 4746                 4770                 2                    
INFO:root:inactive : 1866                 1974                 9                    
INFO:root:inactive : 2022                 4746                 227                  
INFO:root:inactive : 4770                 4746                 -2                   
INFO:root:-----------------------------------------------------------
INFO:root:sequencer
INFO:root:['Silago_bot_l_corner_inst*0_1*seq_gen']
INFO:root:-----------------------------------------------------------
INFO:root:  active : 1878                 4746                 239                  
INFO:root:inactive : 1866                 1878                 1                    
INFO:root:-----------------------------------------------------------
INFO:root:noc
INFO:root:['Silago_bot_l_corner_inst*0_1*noc', 'Silago_bot_l_corner_inst*0_1*partition', 'Silago_bot_l_corner_inst*0_1*splitter']
INFO:root:-----------------------------------------------------------
INFO:root:  active : 2022                 2058                 3                    
INFO:root:inactive : 1866                 2022                 13                   
INFO:root:inactive : 2058                 4746                 224                  
INFO:root:-----------------------------------------------------------
INFO:root:dimarch_agu
INFO:root:['DiMArchTile_bot_l_inst_0_1*AGU']
INFO:root:-----------------------------------------------------------
INFO:root:  active : 2046                 2094                 4                    
INFO:root:inactive : 1866                 2046                 15                   
INFO:root:inactive : 2094                 4746                 221                  
INFO:root:-----------------------------------------------------------
INFO:root:sram
INFO:root:['DiMArchTile_bot_l_inst_0_1*u_sram']
INFO:root:-----------------------------------------------------------
INFO:root:  active : 2070                 2094                 2                    
INFO:root:inactive : 1866                 2070                 17                   
INFO:root:inactive : 2094                 4746                 221                  
INFO:root:-----------------------------------------------------------
INFO:root:dimarch
INFO:root:['DiMArchTile_bot_l_inst_0_1*DiMArch']
INFO:root:-----------------------------------------------------------
INFO:root:  active : 2022                 2118                 8                    
INFO:root:inactive : 1866                 2022                 13                   
INFO:root:inactive : 2118                 4746                 219                  
INFO:root:-----------------------------------------------------------
INFO:root:regfile
INFO:root:['Silago_bot_l_corner_inst*0_1*reg_top']
INFO:root:-----------------------------------------------------------
INFO:root:  active : 1890                 2130                 20                   
INFO:root:  active : 2142                 2310                 14                   
INFO:root:  active : 2322                 2490                 14                   
INFO:root:  active : 2502                 2670                 14                   
INFO:root:  active : 2682                 2850                 14                   
INFO:root:  active : 2862                 3030                 14                   
INFO:root:  active : 3042                 3210                 14                   
INFO:root:  active : 3222                 3390                 14                   
INFO:root:  active : 3402                 3570                 14                   
INFO:root:  active : 3582                 3750                 14                   
INFO:root:  active : 3762                 3930                 14                   
INFO:root:  active : 3942                 4110                 14                   
INFO:root:  active : 4122                 4290                 14                   
INFO:root:  active : 4302                 4470                 14                   
INFO:root:  active : 4482                 4650                 14                   
INFO:root:inactive : 1866                 1890                 2                    
INFO:root:inactive : 2130                 2142                 1                    
INFO:root:inactive : 2310                 2322                 1                    
INFO:root:inactive : 2490                 2502                 1                    
INFO:root:inactive : 2670                 2682                 1                    
INFO:root:inactive : 2850                 2862                 1                    
INFO:root:inactive : 3030                 3042                 1                    
INFO:root:inactive : 3210                 3222                 1                    
INFO:root:inactive : 3390                 3402                 1                    
INFO:root:inactive : 3570                 3582                 1                    
INFO:root:inactive : 3750                 3762                 1                    
INFO:root:inactive : 3930                 3942                 1                    
INFO:root:inactive : 4110                 4122                 1                    
INFO:root:inactive : 4290                 4302                 1                    
INFO:root:inactive : 4470                 4482                 1                    
INFO:root:inactive : 4650                 4746                 8                    
INFO:root:-----------------------------------------------------------
INFO:root:shadow_reg
INFO:root:['Silago_bot_l_corner_inst*0_1*shadowReg']
INFO:root:-----------------------------------------------------------
INFO:root:  active : 2022                 2058                 3                    
INFO:root:inactive : 1866                 2022                 13                   
INFO:root:inactive : 2058                 4746                 224                  
INFO:root:-----------------------------------------------------------
INFO:root:bus_selector
INFO:root:['Silago_bot_l_corner_inst*0_1*u_bus_selector']
INFO:root:-----------------------------------------------------------
INFO:root:  active : 2022                 2058                 3                    
INFO:root:inactive : 1866                 2022                 13                   
INFO:root:inactive : 2058                 4746                 224                  
INFO:root:-----------------------------------------------------------
INFO:root:dimarch_data_in_out_reg
INFO:root:['Silago_bot_l_corner_inst*0_1*dimarch_data_in_out_reg']
INFO:root:-----------------------------------------------------------
INFO:root:  active : 2106                 2130                 2                    
INFO:root:inactive : 1866                 2106                 20                   
INFO:root:inactive : 2130                 4746                 218                  
