INFO:root:Testbench: conv
INFO:root:About: Convolution of 16x16 matrix with 3x3 kernel. There is a problem in raccu with other loop, register 14 has zeros in it while register 13 has its values.
INFO:root:Cell: cell_0_0
INFO:root:Added cell cell_0_0 to the assembly
INFO:root:Cell: cell_0_1
INFO:root:Added cell cell_0_1 to the assembly
INFO:root:Cell: cell_1_0
INFO:root:Added cell cell_1_0 to the assembly
INFO:root:Cell: cell_1_1
INFO:root:Active components for cell <built-in function id>:
INFO:root:      start               end                   cycles              
INFO:root:Assembly: 1866 4746
INFO:root:Loop info:
INFO:root:Loop start: 2142 Loop end: 4662
INFO:root:Active components of instruction: WAIT 1878 0
INFO:root:sequencer [{'start': 1878, 'end': 4746, 'clock_cycles': 239}]
INFO:root:Active components of instruction: ROUTE 1890 1
INFO:root:sequencer {'start': 1890, 'end': 1902}
INFO:root:noc [{'start': 1890, 'end': 1926, 'clock_cycles': 3}, {'start': 2022, 'end': 2058, 'clock_cycles': 3}]
INFO:root:dimarch [{'start': 1890, 'end': 2010, 'clock_cycles': 10}, {'start': 2022, 'end': 2034, 'clock_cycles': 1}, {'start': 4674, 'end': 4758, 'clock_cycles': 7}]
INFO:root:shadow_reg [{'start': 1890, 'end': 1926, 'clock_cycles': 3}, {'start': 2022, 'end': 2034, 'clock_cycles': 1}, {'start': 2154, 'end': 2202, 'clock_cycles': 4}, {'start': 2226, 'end': 2238, 'clock_cycles': 1}, {'start': 2334, 'end': 2382, 'clock_cycles': 4}, {'start': 2406, 'end': 2418, 'clock_cycles': 1}, {'start': 2514, 'end': 2562, 'clock_cycles': 4}, {'start': 2586, 'end': 2598, 'clock_cycles': 1}, {'start': 2694, 'end': 2742, 'clock_cycles': 4}, {'start': 2766, 'end': 2778, 'clock_cycles': 1}, {'start': 2874, 'end': 2922, 'clock_cycles': 4}, {'start': 2946, 'end': 2958, 'clock_cycles': 1}, {'start': 3054, 'end': 3102, 'clock_cycles': 4}, {'start': 3126, 'end': 3138, 'clock_cycles': 1}, {'start': 3234, 'end': 3282, 'clock_cycles': 4}, {'start': 3306, 'end': 3318, 'clock_cycles': 1}, {'start': 3414, 'end': 3462, 'clock_cycles': 4}, {'start': 3486, 'end': 3498, 'clock_cycles': 1}, {'start': 3594, 'end': 3642, 'clock_cycles': 4}, {'start': 3666, 'end': 3678, 'clock_cycles': 1}, {'start': 3774, 'end': 3822, 'clock_cycles': 4}, {'start': 3846, 'end': 3858, 'clock_cycles': 1}, {'start': 3954, 'end': 4002, 'clock_cycles': 4}, {'start': 4026, 'end': 4038, 'clock_cycles': 1}, {'start': 4134, 'end': 4182, 'clock_cycles': 4}, {'start': 4206, 'end': 4218, 'clock_cycles': 1}, {'start': 4314, 'end': 4362, 'clock_cycles': 4}, {'start': 4386, 'end': 4398, 'clock_cycles': 1}, {'start': 4494, 'end': 4542, 'clock_cycles': 4}, {'start': 4566, 'end': 4578, 'clock_cycles': 1}, {'start': 4674, 'end': 4698, 'clock_cycles': 2}]
INFO:root:bus_selector [{'start': 1890, 'end': 1926, 'clock_cycles': 3}, {'start': 2022, 'end': 2058, 'clock_cycles': 3}]
INFO:root:Active components of instruction: SRAM 1902 2
INFO:root:sequencer {'start': 1902, 'end': 1914}
INFO:root:dimarch_agu [{'start': 1914, 'end': 1986, 'clock_cycles': 6}, {'start': 4686, 'end': 4734, 'clock_cycles': 4}]
INFO:root:sram [{'start': 1938, 'end': 1986, 'clock_cycles': 4}, {'start': 4710, 'end': 4734, 'clock_cycles': 2}]
INFO:root:dimarch {'start': 1902, 'end': 2010}
INFO:root:shadow_reg {'start': 1902, 'end': 1926}
INFO:root:dimarch_data_in_out_reg [{'start': 1974, 'end': 2022, 'clock_cycles': 4}, {'start': 4746, 'end': 4770, 'clock_cycles': 2}]
INFO:root:Active components of instruction: REFI 1914 5
INFO:root:sequencer {'start': 1914, 'end': 1926}
INFO:root:regfile [{'start': 1914, 'end': 2022, 'clock_cycles': 9}, {'start': 2190, 'end': 2334, 'clock_cycles': 12}, {'start': 2370, 'end': 2514, 'clock_cycles': 12}, {'start': 2550, 'end': 2694, 'clock_cycles': 12}, {'start': 2730, 'end': 2874, 'clock_cycles': 12}, {'start': 2910, 'end': 3054, 'clock_cycles': 12}, {'start': 3090, 'end': 3234, 'clock_cycles': 12}, {'start': 3270, 'end': 3414, 'clock_cycles': 12}, {'start': 3450, 'end': 3594, 'clock_cycles': 12}, {'start': 3630, 'end': 3774, 'clock_cycles': 12}, {'start': 3810, 'end': 3954, 'clock_cycles': 12}, {'start': 3990, 'end': 4134, 'clock_cycles': 12}, {'start': 4170, 'end': 4314, 'clock_cycles': 12}, {'start': 4350, 'end': 4494, 'clock_cycles': 12}, {'start': 4530, 'end': 4722, 'clock_cycles': 16}]
INFO:root:Active components of instruction: WAIT 1926 8
INFO:root:sequencer {'start': 1926, 'end': 2022}
INFO:root:Active components of instruction: ROUTE 2022 9
INFO:root:sequencer {'start': 2022, 'end': 2034}
INFO:root:noc {'start': 2022, 'end': 2058, 'clock_cycles': 3}
INFO:root:dimarch {'start': 2022, 'end': 2034, 'clock_cycles': 1}
INFO:root:shadow_reg {'start': 2022, 'end': 2034, 'clock_cycles': 1}
INFO:root:bus_selector {'start': 2022, 'end': 2058, 'clock_cycles': 3}
INFO:root:Active components of instruction: WAIT 2034 10
INFO:root:sequencer {'start': 2034, 'end': 2130}
INFO:root:Active components of instruction: LOOP 2130 11
INFO:root:sequencer {'start': 2130, 'end': 2142}
INFO:root:Active components of instruction: RACCU 2142 12
INFO:root:sequencer {'start': 2142, 'end': 2154}
INFO:root:raccu [{'start': 2154, 'end': 2166, 'clock_cycles': 1}, {'start': 2214, 'end': 2226, 'clock_cycles': 1}, {'start': 2334, 'end': 2346, 'clock_cycles': 1}, {'start': 2394, 'end': 2406, 'clock_cycles': 1}, {'start': 2514, 'end': 2526, 'clock_cycles': 1}, {'start': 2574, 'end': 2586, 'clock_cycles': 1}, {'start': 2694, 'end': 2706, 'clock_cycles': 1}, {'start': 2754, 'end': 2766, 'clock_cycles': 1}, {'start': 2874, 'end': 2886, 'clock_cycles': 1}, {'start': 2934, 'end': 2946, 'clock_cycles': 1}, {'start': 3054, 'end': 3066, 'clock_cycles': 1}, {'start': 3114, 'end': 3126, 'clock_cycles': 1}, {'start': 3234, 'end': 3246, 'clock_cycles': 1}, {'start': 3294, 'end': 3306, 'clock_cycles': 1}, {'start': 3414, 'end': 3426, 'clock_cycles': 1}, {'start': 3474, 'end': 3486, 'clock_cycles': 1}, {'start': 3594, 'end': 3606, 'clock_cycles': 1}, {'start': 3654, 'end': 3666, 'clock_cycles': 1}, {'start': 3774, 'end': 3786, 'clock_cycles': 1}, {'start': 3834, 'end': 3846, 'clock_cycles': 1}, {'start': 3954, 'end': 3966, 'clock_cycles': 1}, {'start': 4014, 'end': 4026, 'clock_cycles': 1}, {'start': 4134, 'end': 4146, 'clock_cycles': 1}, {'start': 4194, 'end': 4206, 'clock_cycles': 1}, {'start': 4314, 'end': 4326, 'clock_cycles': 1}, {'start': 4374, 'end': 4386, 'clock_cycles': 1}, {'start': 4494, 'end': 4506, 'clock_cycles': 1}, {'start': 4554, 'end': 4566, 'clock_cycles': 1}]
INFO:root:Active components of instruction: SWB 2154 13
INFO:root:sequencer {'start': 2154, 'end': 2166}
INFO:root:config_swb [{'start': 2154, 'end': 2190, 'clock_cycles': 3}, {'start': 2226, 'end': 2250, 'clock_cycles': 2}, {'start': 2334, 'end': 2370, 'clock_cycles': 3}, {'start': 2406, 'end': 2430, 'clock_cycles': 2}, {'start': 2514, 'end': 2550, 'clock_cycles': 3}, {'start': 2586, 'end': 2610, 'clock_cycles': 2}, {'start': 2694, 'end': 2730, 'clock_cycles': 3}, {'start': 2766, 'end': 2790, 'clock_cycles': 2}, {'start': 2874, 'end': 2910, 'clock_cycles': 3}, {'start': 2946, 'end': 2970, 'clock_cycles': 2}, {'start': 3054, 'end': 3090, 'clock_cycles': 3}, {'start': 3126, 'end': 3150, 'clock_cycles': 2}, {'start': 3234, 'end': 3270, 'clock_cycles': 3}, {'start': 3306, 'end': 3330, 'clock_cycles': 2}, {'start': 3414, 'end': 3450, 'clock_cycles': 3}, {'start': 3486, 'end': 3510, 'clock_cycles': 2}, {'start': 3594, 'end': 3630, 'clock_cycles': 3}, {'start': 3666, 'end': 3690, 'clock_cycles': 2}, {'start': 3774, 'end': 3810, 'clock_cycles': 3}, {'start': 3846, 'end': 3870, 'clock_cycles': 2}, {'start': 3954, 'end': 3990, 'clock_cycles': 3}, {'start': 4026, 'end': 4050, 'clock_cycles': 2}, {'start': 4134, 'end': 4170, 'clock_cycles': 3}, {'start': 4206, 'end': 4230, 'clock_cycles': 2}, {'start': 4314, 'end': 4350, 'clock_cycles': 3}, {'start': 4386, 'end': 4410, 'clock_cycles': 2}, {'start': 4494, 'end': 4530, 'clock_cycles': 3}, {'start': 4566, 'end': 4590, 'clock_cycles': 2}]
INFO:root:swb [{'start': 2154, 'end': 2298, 'clock_cycles': 12}, {'start': 2334, 'end': 2478, 'clock_cycles': 12}, {'start': 2514, 'end': 2658, 'clock_cycles': 12}, {'start': 2694, 'end': 2838, 'clock_cycles': 12}, {'start': 2874, 'end': 3018, 'clock_cycles': 12}, {'start': 3054, 'end': 3198, 'clock_cycles': 12}, {'start': 3234, 'end': 3378, 'clock_cycles': 12}, {'start': 3414, 'end': 3558, 'clock_cycles': 12}, {'start': 3594, 'end': 3738, 'clock_cycles': 12}, {'start': 3774, 'end': 3918, 'clock_cycles': 12}, {'start': 3954, 'end': 4098, 'clock_cycles': 12}, {'start': 4134, 'end': 4278, 'clock_cycles': 12}, {'start': 4314, 'end': 4458, 'clock_cycles': 12}, {'start': 4494, 'end': 4638, 'clock_cycles': 12}]
INFO:root:shadow_reg {'start': 2154, 'end': 2202, 'clock_cycles': 4}
INFO:root:Active components of instruction: SWB 2166 14
INFO:root:sequencer {'start': 2166, 'end': 2178}
INFO:root:config_swb {'start': 2166, 'end': 2190}
INFO:root:swb {'start': 2166, 'end': 2190}
INFO:root:shadow_reg {'start': 2166, 'end': 2178}
INFO:root:Active components of instruction: DPU 2178 15
INFO:root:sequencer {'start': 2178, 'end': 2190}
INFO:root:dpu [{'start': 2178, 'end': 2298, 'clock_cycles': 10}, {'start': 2358, 'end': 2478, 'clock_cycles': 10}, {'start': 2538, 'end': 2658, 'clock_cycles': 10}, {'start': 2718, 'end': 2838, 'clock_cycles': 10}, {'start': 2898, 'end': 3018, 'clock_cycles': 10}, {'start': 3078, 'end': 3198, 'clock_cycles': 10}, {'start': 3258, 'end': 3378, 'clock_cycles': 10}, {'start': 3438, 'end': 3558, 'clock_cycles': 10}, {'start': 3618, 'end': 3738, 'clock_cycles': 10}, {'start': 3798, 'end': 3918, 'clock_cycles': 10}, {'start': 3978, 'end': 4098, 'clock_cycles': 10}, {'start': 4158, 'end': 4278, 'clock_cycles': 10}, {'start': 4338, 'end': 4458, 'clock_cycles': 10}, {'start': 4518, 'end': 4638, 'clock_cycles': 10}]
INFO:root:swb {'start': 2190, 'end': 2298}
INFO:root:shadow_reg {'start': 2178, 'end': 2202}
INFO:root:Active components of instruction: REFI 2190 16
INFO:root:sequencer {'start': 2190, 'end': 2202}
INFO:root:regfile {'start': 2190, 'end': 2334, 'clock_cycles': 12}
INFO:root:Active components of instruction: RACCU 2202 18
INFO:root:sequencer {'start': 2202, 'end': 2214}
INFO:root:raccu {'start': 2214, 'end': 2226, 'clock_cycles': 1}
INFO:root:Active components of instruction: REFI 2214 19
INFO:root:sequencer {'start': 2214, 'end': 2226}
INFO:root:regfile {'start': 2214, 'end': 2334}
INFO:root:Active components of instruction: SWB 2226 21
INFO:root:sequencer {'start': 2226, 'end': 2238}
INFO:root:config_swb {'start': 2226, 'end': 2250, 'clock_cycles': 2}
INFO:root:swb {'start': 2226, 'end': 2250}
INFO:root:shadow_reg {'start': 2226, 'end': 2238, 'clock_cycles': 1}
INFO:root:Active components of instruction: WAIT 2238 22
INFO:root:sequencer {'start': 2238, 'end': 2322}
INFO:root:Active components of instruction: RACCU 2322 12
INFO:root:sequencer {'start': 2322, 'end': 2334}
INFO:root:raccu {'start': 2334, 'end': 2346, 'clock_cycles': 1}
INFO:root:Active components of instruction: SWB 2334 13
INFO:root:sequencer {'start': 2334, 'end': 2346}
INFO:root:config_swb {'start': 2334, 'end': 2370, 'clock_cycles': 3}
INFO:root:swb {'start': 2334, 'end': 2478, 'clock_cycles': 12}
INFO:root:shadow_reg {'start': 2334, 'end': 2382, 'clock_cycles': 4}
INFO:root:Active components of instruction: SWB 2346 14
INFO:root:sequencer {'start': 2346, 'end': 2358}
INFO:root:config_swb {'start': 2346, 'end': 2370}
INFO:root:swb {'start': 2346, 'end': 2370}
INFO:root:shadow_reg {'start': 2346, 'end': 2358}
INFO:root:Active components of instruction: DPU 2358 15
INFO:root:sequencer {'start': 2358, 'end': 2370}
INFO:root:dpu {'start': 2358, 'end': 2478, 'clock_cycles': 10}
INFO:root:swb {'start': 2370, 'end': 2478}
INFO:root:shadow_reg {'start': 2358, 'end': 2382}
INFO:root:Active components of instruction: REFI 2370 16
INFO:root:sequencer {'start': 2370, 'end': 2382}
INFO:root:regfile {'start': 2370, 'end': 2514, 'clock_cycles': 12}
INFO:root:Active components of instruction: RACCU 2382 18
INFO:root:sequencer {'start': 2382, 'end': 2394}
INFO:root:raccu {'start': 2394, 'end': 2406, 'clock_cycles': 1}
INFO:root:Active components of instruction: REFI 2394 19
INFO:root:sequencer {'start': 2394, 'end': 2406}
INFO:root:regfile {'start': 2394, 'end': 2514}
INFO:root:Active components of instruction: SWB 2406 21
INFO:root:sequencer {'start': 2406, 'end': 2418}
INFO:root:config_swb {'start': 2406, 'end': 2430, 'clock_cycles': 2}
INFO:root:swb {'start': 2406, 'end': 2430}
INFO:root:shadow_reg {'start': 2406, 'end': 2418, 'clock_cycles': 1}
INFO:root:Active components of instruction: WAIT 2418 22
INFO:root:sequencer {'start': 2418, 'end': 2502}
INFO:root:Active components of instruction: RACCU 2502 12
INFO:root:sequencer {'start': 2502, 'end': 2514}
INFO:root:raccu {'start': 2514, 'end': 2526, 'clock_cycles': 1}
INFO:root:Active components of instruction: SWB 2514 13
INFO:root:sequencer {'start': 2514, 'end': 2526}
INFO:root:config_swb {'start': 2514, 'end': 2550, 'clock_cycles': 3}
INFO:root:swb {'start': 2514, 'end': 2658, 'clock_cycles': 12}
INFO:root:shadow_reg {'start': 2514, 'end': 2562, 'clock_cycles': 4}
INFO:root:Active components of instruction: SWB 2526 14
INFO:root:sequencer {'start': 2526, 'end': 2538}
INFO:root:config_swb {'start': 2526, 'end': 2550}
INFO:root:swb {'start': 2526, 'end': 2550}
INFO:root:shadow_reg {'start': 2526, 'end': 2538}
INFO:root:Active components of instruction: DPU 2538 15
INFO:root:sequencer {'start': 2538, 'end': 2550}
INFO:root:dpu {'start': 2538, 'end': 2658, 'clock_cycles': 10}
INFO:root:swb {'start': 2550, 'end': 2658}
INFO:root:shadow_reg {'start': 2538, 'end': 2562}
INFO:root:Active components of instruction: REFI 2550 16
INFO:root:sequencer {'start': 2550, 'end': 2562}
INFO:root:regfile {'start': 2550, 'end': 2694, 'clock_cycles': 12}
INFO:root:Active components of instruction: RACCU 2562 18
INFO:root:sequencer {'start': 2562, 'end': 2574}
INFO:root:raccu {'start': 2574, 'end': 2586, 'clock_cycles': 1}
INFO:root:Active components of instruction: REFI 2574 19
INFO:root:sequencer {'start': 2574, 'end': 2586}
INFO:root:regfile {'start': 2574, 'end': 2694}
INFO:root:Active components of instruction: SWB 2586 21
INFO:root:sequencer {'start': 2586, 'end': 2598}
INFO:root:config_swb {'start': 2586, 'end': 2610, 'clock_cycles': 2}
INFO:root:swb {'start': 2586, 'end': 2610}
INFO:root:shadow_reg {'start': 2586, 'end': 2598, 'clock_cycles': 1}
INFO:root:Active components of instruction: WAIT 2598 22
INFO:root:sequencer {'start': 2598, 'end': 2682}
INFO:root:Active components of instruction: RACCU 2682 12
INFO:root:sequencer {'start': 2682, 'end': 2694}
INFO:root:raccu {'start': 2694, 'end': 2706, 'clock_cycles': 1}
INFO:root:Active components of instruction: SWB 2694 13
INFO:root:sequencer {'start': 2694, 'end': 2706}
INFO:root:config_swb {'start': 2694, 'end': 2730, 'clock_cycles': 3}
INFO:root:swb {'start': 2694, 'end': 2838, 'clock_cycles': 12}
INFO:root:shadow_reg {'start': 2694, 'end': 2742, 'clock_cycles': 4}
INFO:root:Active components of instruction: SWB 2706 14
INFO:root:sequencer {'start': 2706, 'end': 2718}
INFO:root:config_swb {'start': 2706, 'end': 2730}
INFO:root:swb {'start': 2706, 'end': 2730}
INFO:root:shadow_reg {'start': 2706, 'end': 2718}
INFO:root:Active components of instruction: DPU 2718 15
INFO:root:sequencer {'start': 2718, 'end': 2730}
INFO:root:dpu {'start': 2718, 'end': 2838, 'clock_cycles': 10}
INFO:root:swb {'start': 2730, 'end': 2838}
INFO:root:shadow_reg {'start': 2718, 'end': 2742}
INFO:root:Active components of instruction: REFI 2730 16
INFO:root:sequencer {'start': 2730, 'end': 2742}
INFO:root:regfile {'start': 2730, 'end': 2874, 'clock_cycles': 12}
INFO:root:Active components of instruction: RACCU 2742 18
INFO:root:sequencer {'start': 2742, 'end': 2754}
INFO:root:raccu {'start': 2754, 'end': 2766, 'clock_cycles': 1}
INFO:root:Active components of instruction: REFI 2754 19
INFO:root:sequencer {'start': 2754, 'end': 2766}
INFO:root:regfile {'start': 2754, 'end': 2874}
INFO:root:Active components of instruction: SWB 2766 21
INFO:root:sequencer {'start': 2766, 'end': 2778}
INFO:root:config_swb {'start': 2766, 'end': 2790, 'clock_cycles': 2}
INFO:root:swb {'start': 2766, 'end': 2790}
INFO:root:shadow_reg {'start': 2766, 'end': 2778, 'clock_cycles': 1}
INFO:root:Active components of instruction: WAIT 2778 22
INFO:root:sequencer {'start': 2778, 'end': 2862}
INFO:root:Active components of instruction: RACCU 2862 12
INFO:root:sequencer {'start': 2862, 'end': 2874}
INFO:root:raccu {'start': 2874, 'end': 2886, 'clock_cycles': 1}
INFO:root:Active components of instruction: SWB 2874 13
INFO:root:sequencer {'start': 2874, 'end': 2886}
INFO:root:config_swb {'start': 2874, 'end': 2910, 'clock_cycles': 3}
INFO:root:swb {'start': 2874, 'end': 3018, 'clock_cycles': 12}
INFO:root:shadow_reg {'start': 2874, 'end': 2922, 'clock_cycles': 4}
INFO:root:Active components of instruction: SWB 2886 14
INFO:root:sequencer {'start': 2886, 'end': 2898}
INFO:root:config_swb {'start': 2886, 'end': 2910}
INFO:root:swb {'start': 2886, 'end': 2910}
INFO:root:shadow_reg {'start': 2886, 'end': 2898}
INFO:root:Active components of instruction: DPU 2898 15
INFO:root:sequencer {'start': 2898, 'end': 2910}
INFO:root:dpu {'start': 2898, 'end': 3018, 'clock_cycles': 10}
INFO:root:swb {'start': 2910, 'end': 3018}
INFO:root:shadow_reg {'start': 2898, 'end': 2922}
INFO:root:Active components of instruction: REFI 2910 16
INFO:root:sequencer {'start': 2910, 'end': 2922}
INFO:root:regfile {'start': 2910, 'end': 3054, 'clock_cycles': 12}
INFO:root:Active components of instruction: RACCU 2922 18
INFO:root:sequencer {'start': 2922, 'end': 2934}
INFO:root:raccu {'start': 2934, 'end': 2946, 'clock_cycles': 1}
INFO:root:Active components of instruction: REFI 2934 19
INFO:root:sequencer {'start': 2934, 'end': 2946}
INFO:root:regfile {'start': 2934, 'end': 3054}
INFO:root:Active components of instruction: SWB 2946 21
INFO:root:sequencer {'start': 2946, 'end': 2958}
INFO:root:config_swb {'start': 2946, 'end': 2970, 'clock_cycles': 2}
INFO:root:swb {'start': 2946, 'end': 2970}
INFO:root:shadow_reg {'start': 2946, 'end': 2958, 'clock_cycles': 1}
INFO:root:Active components of instruction: WAIT 2958 22
INFO:root:sequencer {'start': 2958, 'end': 3042}
INFO:root:Active components of instruction: RACCU 3042 12
INFO:root:sequencer {'start': 3042, 'end': 3054}
INFO:root:raccu {'start': 3054, 'end': 3066, 'clock_cycles': 1}
INFO:root:Active components of instruction: SWB 3054 13
INFO:root:sequencer {'start': 3054, 'end': 3066}
INFO:root:config_swb {'start': 3054, 'end': 3090, 'clock_cycles': 3}
INFO:root:swb {'start': 3054, 'end': 3198, 'clock_cycles': 12}
INFO:root:shadow_reg {'start': 3054, 'end': 3102, 'clock_cycles': 4}
INFO:root:Active components of instruction: SWB 3066 14
INFO:root:sequencer {'start': 3066, 'end': 3078}
INFO:root:config_swb {'start': 3066, 'end': 3090}
INFO:root:swb {'start': 3066, 'end': 3090}
INFO:root:shadow_reg {'start': 3066, 'end': 3078}
INFO:root:Active components of instruction: DPU 3078 15
INFO:root:sequencer {'start': 3078, 'end': 3090}
INFO:root:dpu {'start': 3078, 'end': 3198, 'clock_cycles': 10}
INFO:root:swb {'start': 3090, 'end': 3198}
INFO:root:shadow_reg {'start': 3078, 'end': 3102}
INFO:root:Active components of instruction: REFI 3090 16
INFO:root:sequencer {'start': 3090, 'end': 3102}
INFO:root:regfile {'start': 3090, 'end': 3234, 'clock_cycles': 12}
INFO:root:Active components of instruction: RACCU 3102 18
INFO:root:sequencer {'start': 3102, 'end': 3114}
INFO:root:raccu {'start': 3114, 'end': 3126, 'clock_cycles': 1}
INFO:root:Active components of instruction: REFI 3114 19
INFO:root:sequencer {'start': 3114, 'end': 3126}
INFO:root:regfile {'start': 3114, 'end': 3234}
INFO:root:Active components of instruction: SWB 3126 21
INFO:root:sequencer {'start': 3126, 'end': 3138}
INFO:root:config_swb {'start': 3126, 'end': 3150, 'clock_cycles': 2}
INFO:root:swb {'start': 3126, 'end': 3150}
INFO:root:shadow_reg {'start': 3126, 'end': 3138, 'clock_cycles': 1}
INFO:root:Active components of instruction: WAIT 3138 22
INFO:root:sequencer {'start': 3138, 'end': 3222}
INFO:root:Active components of instruction: RACCU 3222 12
INFO:root:sequencer {'start': 3222, 'end': 3234}
INFO:root:raccu {'start': 3234, 'end': 3246, 'clock_cycles': 1}
INFO:root:Active components of instruction: SWB 3234 13
INFO:root:sequencer {'start': 3234, 'end': 3246}
INFO:root:config_swb {'start': 3234, 'end': 3270, 'clock_cycles': 3}
INFO:root:swb {'start': 3234, 'end': 3378, 'clock_cycles': 12}
INFO:root:shadow_reg {'start': 3234, 'end': 3282, 'clock_cycles': 4}
INFO:root:Active components of instruction: SWB 3246 14
INFO:root:sequencer {'start': 3246, 'end': 3258}
INFO:root:config_swb {'start': 3246, 'end': 3270}
INFO:root:swb {'start': 3246, 'end': 3270}
INFO:root:shadow_reg {'start': 3246, 'end': 3258}
INFO:root:Active components of instruction: DPU 3258 15
INFO:root:sequencer {'start': 3258, 'end': 3270}
INFO:root:dpu {'start': 3258, 'end': 3378, 'clock_cycles': 10}
INFO:root:swb {'start': 3270, 'end': 3378}
INFO:root:shadow_reg {'start': 3258, 'end': 3282}
INFO:root:Active components of instruction: REFI 3270 16
INFO:root:sequencer {'start': 3270, 'end': 3282}
INFO:root:regfile {'start': 3270, 'end': 3414, 'clock_cycles': 12}
INFO:root:Active components of instruction: RACCU 3282 18
INFO:root:sequencer {'start': 3282, 'end': 3294}
INFO:root:raccu {'start': 3294, 'end': 3306, 'clock_cycles': 1}
INFO:root:Active components of instruction: REFI 3294 19
INFO:root:sequencer {'start': 3294, 'end': 3306}
INFO:root:regfile {'start': 3294, 'end': 3414}
INFO:root:Active components of instruction: SWB 3306 21
INFO:root:sequencer {'start': 3306, 'end': 3318}
INFO:root:config_swb {'start': 3306, 'end': 3330, 'clock_cycles': 2}
INFO:root:swb {'start': 3306, 'end': 3330}
INFO:root:shadow_reg {'start': 3306, 'end': 3318, 'clock_cycles': 1}
INFO:root:Active components of instruction: WAIT 3318 22
INFO:root:sequencer {'start': 3318, 'end': 3402}
INFO:root:Active components of instruction: RACCU 3402 12
INFO:root:sequencer {'start': 3402, 'end': 3414}
INFO:root:raccu {'start': 3414, 'end': 3426, 'clock_cycles': 1}
INFO:root:Active components of instruction: SWB 3414 13
INFO:root:sequencer {'start': 3414, 'end': 3426}
INFO:root:config_swb {'start': 3414, 'end': 3450, 'clock_cycles': 3}
INFO:root:swb {'start': 3414, 'end': 3558, 'clock_cycles': 12}
INFO:root:shadow_reg {'start': 3414, 'end': 3462, 'clock_cycles': 4}
INFO:root:Active components of instruction: SWB 3426 14
INFO:root:sequencer {'start': 3426, 'end': 3438}
INFO:root:config_swb {'start': 3426, 'end': 3450}
INFO:root:swb {'start': 3426, 'end': 3450}
INFO:root:shadow_reg {'start': 3426, 'end': 3438}
INFO:root:Active components of instruction: DPU 3438 15
INFO:root:sequencer {'start': 3438, 'end': 3450}
INFO:root:dpu {'start': 3438, 'end': 3558, 'clock_cycles': 10}
INFO:root:swb {'start': 3450, 'end': 3558}
INFO:root:shadow_reg {'start': 3438, 'end': 3462}
INFO:root:Active components of instruction: REFI 3450 16
INFO:root:sequencer {'start': 3450, 'end': 3462}
INFO:root:regfile {'start': 3450, 'end': 3594, 'clock_cycles': 12}
INFO:root:Active components of instruction: RACCU 3462 18
INFO:root:sequencer {'start': 3462, 'end': 3474}
INFO:root:raccu {'start': 3474, 'end': 3486, 'clock_cycles': 1}
INFO:root:Active components of instruction: REFI 3474 19
INFO:root:sequencer {'start': 3474, 'end': 3486}
INFO:root:regfile {'start': 3474, 'end': 3594}
INFO:root:Active components of instruction: SWB 3486 21
INFO:root:sequencer {'start': 3486, 'end': 3498}
INFO:root:config_swb {'start': 3486, 'end': 3510, 'clock_cycles': 2}
INFO:root:swb {'start': 3486, 'end': 3510}
INFO:root:shadow_reg {'start': 3486, 'end': 3498, 'clock_cycles': 1}
INFO:root:Active components of instruction: WAIT 3498 22
INFO:root:sequencer {'start': 3498, 'end': 3582}
INFO:root:Active components of instruction: RACCU 3582 12
INFO:root:sequencer {'start': 3582, 'end': 3594}
INFO:root:raccu {'start': 3594, 'end': 3606, 'clock_cycles': 1}
INFO:root:Active components of instruction: SWB 3594 13
INFO:root:sequencer {'start': 3594, 'end': 3606}
INFO:root:config_swb {'start': 3594, 'end': 3630, 'clock_cycles': 3}
INFO:root:swb {'start': 3594, 'end': 3738, 'clock_cycles': 12}
INFO:root:shadow_reg {'start': 3594, 'end': 3642, 'clock_cycles': 4}
INFO:root:Active components of instruction: SWB 3606 14
INFO:root:sequencer {'start': 3606, 'end': 3618}
INFO:root:config_swb {'start': 3606, 'end': 3630}
INFO:root:swb {'start': 3606, 'end': 3630}
INFO:root:shadow_reg {'start': 3606, 'end': 3618}
INFO:root:Active components of instruction: DPU 3618 15
INFO:root:sequencer {'start': 3618, 'end': 3630}
INFO:root:dpu {'start': 3618, 'end': 3738, 'clock_cycles': 10}
INFO:root:swb {'start': 3630, 'end': 3738}
INFO:root:shadow_reg {'start': 3618, 'end': 3642}
INFO:root:Active components of instruction: REFI 3630 16
INFO:root:sequencer {'start': 3630, 'end': 3642}
INFO:root:regfile {'start': 3630, 'end': 3774, 'clock_cycles': 12}
INFO:root:Active components of instruction: RACCU 3642 18
INFO:root:sequencer {'start': 3642, 'end': 3654}
INFO:root:raccu {'start': 3654, 'end': 3666, 'clock_cycles': 1}
INFO:root:Active components of instruction: REFI 3654 19
INFO:root:sequencer {'start': 3654, 'end': 3666}
INFO:root:regfile {'start': 3654, 'end': 3774}
INFO:root:Active components of instruction: SWB 3666 21
INFO:root:sequencer {'start': 3666, 'end': 3678}
INFO:root:config_swb {'start': 3666, 'end': 3690, 'clock_cycles': 2}
INFO:root:swb {'start': 3666, 'end': 3690}
INFO:root:shadow_reg {'start': 3666, 'end': 3678, 'clock_cycles': 1}
INFO:root:Active components of instruction: WAIT 3678 22
INFO:root:sequencer {'start': 3678, 'end': 3762}
INFO:root:Active components of instruction: RACCU 3762 12
INFO:root:sequencer {'start': 3762, 'end': 3774}
INFO:root:raccu {'start': 3774, 'end': 3786, 'clock_cycles': 1}
INFO:root:Active components of instruction: SWB 3774 13
INFO:root:sequencer {'start': 3774, 'end': 3786}
INFO:root:config_swb {'start': 3774, 'end': 3810, 'clock_cycles': 3}
INFO:root:swb {'start': 3774, 'end': 3918, 'clock_cycles': 12}
INFO:root:shadow_reg {'start': 3774, 'end': 3822, 'clock_cycles': 4}
INFO:root:Active components of instruction: SWB 3786 14
INFO:root:sequencer {'start': 3786, 'end': 3798}
INFO:root:config_swb {'start': 3786, 'end': 3810}
INFO:root:swb {'start': 3786, 'end': 3810}
INFO:root:shadow_reg {'start': 3786, 'end': 3798}
INFO:root:Active components of instruction: DPU 3798 15
INFO:root:sequencer {'start': 3798, 'end': 3810}
INFO:root:dpu {'start': 3798, 'end': 3918, 'clock_cycles': 10}
INFO:root:swb {'start': 3810, 'end': 3918}
INFO:root:shadow_reg {'start': 3798, 'end': 3822}
INFO:root:Active components of instruction: REFI 3810 16
INFO:root:sequencer {'start': 3810, 'end': 3822}
INFO:root:regfile {'start': 3810, 'end': 3954, 'clock_cycles': 12}
INFO:root:Active components of instruction: RACCU 3822 18
INFO:root:sequencer {'start': 3822, 'end': 3834}
INFO:root:raccu {'start': 3834, 'end': 3846, 'clock_cycles': 1}
INFO:root:Active components of instruction: REFI 3834 19
INFO:root:sequencer {'start': 3834, 'end': 3846}
INFO:root:regfile {'start': 3834, 'end': 3954}
INFO:root:Active components of instruction: SWB 3846 21
INFO:root:sequencer {'start': 3846, 'end': 3858}
INFO:root:config_swb {'start': 3846, 'end': 3870, 'clock_cycles': 2}
INFO:root:swb {'start': 3846, 'end': 3870}
INFO:root:shadow_reg {'start': 3846, 'end': 3858, 'clock_cycles': 1}
INFO:root:Active components of instruction: WAIT 3858 22
INFO:root:sequencer {'start': 3858, 'end': 3942}
INFO:root:Active components of instruction: RACCU 3942 12
INFO:root:sequencer {'start': 3942, 'end': 3954}
INFO:root:raccu {'start': 3954, 'end': 3966, 'clock_cycles': 1}
INFO:root:Active components of instruction: SWB 3954 13
INFO:root:sequencer {'start': 3954, 'end': 3966}
INFO:root:config_swb {'start': 3954, 'end': 3990, 'clock_cycles': 3}
INFO:root:swb {'start': 3954, 'end': 4098, 'clock_cycles': 12}
INFO:root:shadow_reg {'start': 3954, 'end': 4002, 'clock_cycles': 4}
INFO:root:Active components of instruction: SWB 3966 14
INFO:root:sequencer {'start': 3966, 'end': 3978}
INFO:root:config_swb {'start': 3966, 'end': 3990}
INFO:root:swb {'start': 3966, 'end': 3990}
INFO:root:shadow_reg {'start': 3966, 'end': 3978}
INFO:root:Active components of instruction: DPU 3978 15
INFO:root:sequencer {'start': 3978, 'end': 3990}
INFO:root:dpu {'start': 3978, 'end': 4098, 'clock_cycles': 10}
INFO:root:swb {'start': 3990, 'end': 4098}
INFO:root:shadow_reg {'start': 3978, 'end': 4002}
INFO:root:Active components of instruction: REFI 3990 16
INFO:root:sequencer {'start': 3990, 'end': 4002}
INFO:root:regfile {'start': 3990, 'end': 4134, 'clock_cycles': 12}
INFO:root:Active components of instruction: RACCU 4002 18
INFO:root:sequencer {'start': 4002, 'end': 4014}
INFO:root:raccu {'start': 4014, 'end': 4026, 'clock_cycles': 1}
INFO:root:Active components of instruction: REFI 4014 19
INFO:root:sequencer {'start': 4014, 'end': 4026}
INFO:root:regfile {'start': 4014, 'end': 4134}
INFO:root:Active components of instruction: SWB 4026 21
INFO:root:sequencer {'start': 4026, 'end': 4038}
INFO:root:config_swb {'start': 4026, 'end': 4050, 'clock_cycles': 2}
INFO:root:swb {'start': 4026, 'end': 4050}
INFO:root:shadow_reg {'start': 4026, 'end': 4038, 'clock_cycles': 1}
INFO:root:Active components of instruction: WAIT 4038 22
INFO:root:sequencer {'start': 4038, 'end': 4122}
INFO:root:Active components of instruction: RACCU 4122 12
INFO:root:sequencer {'start': 4122, 'end': 4134}
INFO:root:raccu {'start': 4134, 'end': 4146, 'clock_cycles': 1}
INFO:root:Active components of instruction: SWB 4134 13
INFO:root:sequencer {'start': 4134, 'end': 4146}
INFO:root:config_swb {'start': 4134, 'end': 4170, 'clock_cycles': 3}
INFO:root:swb {'start': 4134, 'end': 4278, 'clock_cycles': 12}
INFO:root:shadow_reg {'start': 4134, 'end': 4182, 'clock_cycles': 4}
INFO:root:Active components of instruction: SWB 4146 14
INFO:root:sequencer {'start': 4146, 'end': 4158}
INFO:root:config_swb {'start': 4146, 'end': 4170}
INFO:root:swb {'start': 4146, 'end': 4170}
INFO:root:shadow_reg {'start': 4146, 'end': 4158}
INFO:root:Active components of instruction: DPU 4158 15
INFO:root:sequencer {'start': 4158, 'end': 4170}
INFO:root:dpu {'start': 4158, 'end': 4278, 'clock_cycles': 10}
INFO:root:swb {'start': 4170, 'end': 4278}
INFO:root:shadow_reg {'start': 4158, 'end': 4182}
INFO:root:Active components of instruction: REFI 4170 16
INFO:root:sequencer {'start': 4170, 'end': 4182}
INFO:root:regfile {'start': 4170, 'end': 4314, 'clock_cycles': 12}
INFO:root:Active components of instruction: RACCU 4182 18
INFO:root:sequencer {'start': 4182, 'end': 4194}
INFO:root:raccu {'start': 4194, 'end': 4206, 'clock_cycles': 1}
INFO:root:Active components of instruction: REFI 4194 19
INFO:root:sequencer {'start': 4194, 'end': 4206}
INFO:root:regfile {'start': 4194, 'end': 4314}
INFO:root:Active components of instruction: SWB 4206 21
INFO:root:sequencer {'start': 4206, 'end': 4218}
INFO:root:config_swb {'start': 4206, 'end': 4230, 'clock_cycles': 2}
INFO:root:swb {'start': 4206, 'end': 4230}
INFO:root:shadow_reg {'start': 4206, 'end': 4218, 'clock_cycles': 1}
INFO:root:Active components of instruction: WAIT 4218 22
INFO:root:sequencer {'start': 4218, 'end': 4302}
INFO:root:Active components of instruction: RACCU 4302 12
INFO:root:sequencer {'start': 4302, 'end': 4314}
INFO:root:raccu {'start': 4314, 'end': 4326, 'clock_cycles': 1}
INFO:root:Active components of instruction: SWB 4314 13
INFO:root:sequencer {'start': 4314, 'end': 4326}
INFO:root:config_swb {'start': 4314, 'end': 4350, 'clock_cycles': 3}
INFO:root:swb {'start': 4314, 'end': 4458, 'clock_cycles': 12}
INFO:root:shadow_reg {'start': 4314, 'end': 4362, 'clock_cycles': 4}
INFO:root:Active components of instruction: SWB 4326 14
INFO:root:sequencer {'start': 4326, 'end': 4338}
INFO:root:config_swb {'start': 4326, 'end': 4350}
INFO:root:swb {'start': 4326, 'end': 4350}
INFO:root:shadow_reg {'start': 4326, 'end': 4338}
INFO:root:Active components of instruction: DPU 4338 15
INFO:root:sequencer {'start': 4338, 'end': 4350}
INFO:root:dpu {'start': 4338, 'end': 4458, 'clock_cycles': 10}
INFO:root:swb {'start': 4350, 'end': 4458}
INFO:root:shadow_reg {'start': 4338, 'end': 4362}
INFO:root:Active components of instruction: REFI 4350 16
INFO:root:sequencer {'start': 4350, 'end': 4362}
INFO:root:regfile {'start': 4350, 'end': 4494, 'clock_cycles': 12}
INFO:root:Active components of instruction: RACCU 4362 18
INFO:root:sequencer {'start': 4362, 'end': 4374}
INFO:root:raccu {'start': 4374, 'end': 4386, 'clock_cycles': 1}
INFO:root:Active components of instruction: REFI 4374 19
INFO:root:sequencer {'start': 4374, 'end': 4386}
INFO:root:regfile {'start': 4374, 'end': 4494}
INFO:root:Active components of instruction: SWB 4386 21
INFO:root:sequencer {'start': 4386, 'end': 4398}
INFO:root:config_swb {'start': 4386, 'end': 4410, 'clock_cycles': 2}
INFO:root:swb {'start': 4386, 'end': 4410}
INFO:root:shadow_reg {'start': 4386, 'end': 4398, 'clock_cycles': 1}
INFO:root:Active components of instruction: WAIT 4398 22
INFO:root:sequencer {'start': 4398, 'end': 4482}
INFO:root:Active components of instruction: RACCU 4482 12
INFO:root:sequencer {'start': 4482, 'end': 4494}
INFO:root:raccu {'start': 4494, 'end': 4506, 'clock_cycles': 1}
INFO:root:Active components of instruction: SWB 4494 13
INFO:root:sequencer {'start': 4494, 'end': 4506}
INFO:root:config_swb {'start': 4494, 'end': 4530, 'clock_cycles': 3}
INFO:root:swb {'start': 4494, 'end': 4638, 'clock_cycles': 12}
INFO:root:shadow_reg {'start': 4494, 'end': 4542, 'clock_cycles': 4}
INFO:root:Active components of instruction: SWB 4506 14
INFO:root:sequencer {'start': 4506, 'end': 4518}
INFO:root:config_swb {'start': 4506, 'end': 4530}
INFO:root:swb {'start': 4506, 'end': 4530}
INFO:root:shadow_reg {'start': 4506, 'end': 4518}
INFO:root:Active components of instruction: DPU 4518 15
INFO:root:sequencer {'start': 4518, 'end': 4530}
INFO:root:dpu {'start': 4518, 'end': 4638, 'clock_cycles': 10}
INFO:root:swb {'start': 4530, 'end': 4638}
INFO:root:shadow_reg {'start': 4518, 'end': 4542}
INFO:root:Active components of instruction: REFI 4530 16
INFO:root:sequencer {'start': 4530, 'end': 4542}
INFO:root:regfile {'start': 4530, 'end': 4722, 'clock_cycles': 16}
INFO:root:Active components of instruction: RACCU 4542 18
INFO:root:sequencer {'start': 4542, 'end': 4554}
INFO:root:raccu {'start': 4554, 'end': 4566, 'clock_cycles': 1}
INFO:root:Active components of instruction: REFI 4554 19
INFO:root:sequencer {'start': 4554, 'end': 4566}
INFO:root:regfile {'start': 4554, 'end': 4674}
INFO:root:Active components of instruction: SWB 4566 21
INFO:root:sequencer {'start': 4566, 'end': 4578}
INFO:root:config_swb {'start': 4566, 'end': 4590, 'clock_cycles': 2}
INFO:root:swb {'start': 4566, 'end': 4590}
INFO:root:shadow_reg {'start': 4566, 'end': 4578, 'clock_cycles': 1}
INFO:root:Active components of instruction: WAIT 4578 22
INFO:root:sequencer {'start': 4578, 'end': 4662}
INFO:root:Active components of instruction: REFI 4662 23
INFO:root:sequencer {'start': 4662, 'end': 4674}
INFO:root:regfile {'start': 4662, 'end': 4722}
INFO:root:Active components of instruction: SRAM 4674 26
INFO:root:sequencer {'start': 4674, 'end': 4686}
INFO:root:dimarch_agu {'start': 4686, 'end': 4734, 'clock_cycles': 4}
INFO:root:sram {'start': 4710, 'end': 4734, 'clock_cycles': 2}
INFO:root:dimarch {'start': 4674, 'end': 4758, 'clock_cycles': 7}
INFO:root:shadow_reg {'start': 4674, 'end': 4698, 'clock_cycles': 2}
INFO:root:dimarch_data_in_out_reg {'start': 4746, 'end': 4770, 'clock_cycles': 2}
INFO:root:Active components of instruction: WAIT 4686 29
INFO:root:sequencer {'start': 4686, 'end': 4734}
INFO:root:Active components of instruction: HALT 4734 30
INFO:root:sequencer {'start': 4734, 'end': 4746}
INFO:root:-----------------------------------------------------------
INFO:root:raccu
INFO:root:['Silago_top_inst*1_0*u_Raccu']
INFO:root:-----------------------------------------------------------
INFO:root:  active : 2154                 2166                 1                    
INFO:root:  active : 2214                 2226                 1                    
INFO:root:  active : 2334                 2346                 1                    
INFO:root:  active : 2394                 2406                 1                    
INFO:root:  active : 2514                 2526                 1                    
INFO:root:  active : 2574                 2586                 1                    
INFO:root:  active : 2694                 2706                 1                    
INFO:root:  active : 2754                 2766                 1                    
INFO:root:  active : 2874                 2886                 1                    
INFO:root:  active : 2934                 2946                 1                    
INFO:root:  active : 3054                 3066                 1                    
INFO:root:  active : 3114                 3126                 1                    
INFO:root:  active : 3234                 3246                 1                    
INFO:root:  active : 3294                 3306                 1                    
INFO:root:  active : 3414                 3426                 1                    
INFO:root:  active : 3474                 3486                 1                    
INFO:root:  active : 3594                 3606                 1                    
INFO:root:  active : 3654                 3666                 1                    
INFO:root:  active : 3774                 3786                 1                    
INFO:root:  active : 3834                 3846                 1                    
INFO:root:  active : 3954                 3966                 1                    
INFO:root:  active : 4014                 4026                 1                    
INFO:root:  active : 4134                 4146                 1                    
INFO:root:  active : 4194                 4206                 1                    
INFO:root:  active : 4314                 4326                 1                    
INFO:root:  active : 4374                 4386                 1                    
INFO:root:  active : 4494                 4506                 1                    
INFO:root:  active : 4554                 4566                 1                    
INFO:root:inactive : 1866                 2154                 24                   
INFO:root:inactive : 2166                 2214                 4                    
INFO:root:inactive : 2226                 2334                 9                    
INFO:root:inactive : 2346                 2394                 4                    
INFO:root:inactive : 2406                 2514                 9                    
INFO:root:inactive : 2526                 2574                 4                    
INFO:root:inactive : 2586                 2694                 9                    
INFO:root:inactive : 2706                 2754                 4                    
INFO:root:inactive : 2766                 2874                 9                    
INFO:root:inactive : 2886                 2934                 4                    
INFO:root:inactive : 2946                 3054                 9                    
INFO:root:inactive : 3066                 3114                 4                    
INFO:root:inactive : 3126                 3234                 9                    
INFO:root:inactive : 3246                 3294                 4                    
INFO:root:inactive : 3306                 3414                 9                    
INFO:root:inactive : 3426                 3474                 4                    
INFO:root:inactive : 3486                 3594                 9                    
INFO:root:inactive : 3606                 3654                 4                    
INFO:root:inactive : 3666                 3774                 9                    
INFO:root:inactive : 3786                 3834                 4                    
INFO:root:inactive : 3846                 3954                 9                    
INFO:root:inactive : 3966                 4014                 4                    
INFO:root:inactive : 4026                 4134                 9                    
INFO:root:inactive : 4146                 4194                 4                    
INFO:root:inactive : 4206                 4314                 9                    
INFO:root:inactive : 4326                 4374                 4                    
INFO:root:inactive : 4386                 4494                 9                    
INFO:root:inactive : 4506                 4554                 4                    
INFO:root:inactive : 4566                 4746                 15                   
INFO:root:-----------------------------------------------------------
INFO:root:sequencer
INFO:root:['Silago_top_inst*1_0*seq_gen']
INFO:root:-----------------------------------------------------------
INFO:root:  active : 1878                 4746                 239                  
INFO:root:inactive : 1866                 1878                 1                    
INFO:root:-----------------------------------------------------------
INFO:root:noc
INFO:root:['Silago_top_inst*1_0*noc', 'Silago_top_inst*1_0*partition', 'Silago_top_inst*1_0*splitter']
INFO:root:-----------------------------------------------------------
INFO:root:  active : 1890                 1926                 3                    
INFO:root:  active : 2022                 2058                 3                    
INFO:root:inactive : 1866                 1890                 2                    
INFO:root:inactive : 1926                 2022                 8                    
INFO:root:inactive : 2058                 4746                 224                  
INFO:root:-----------------------------------------------------------
INFO:root:dimarch_agu
INFO:root:['DiMArchTile_bot_inst_1_1*AGU']
INFO:root:-----------------------------------------------------------
INFO:root:  active : 1914                 1986                 6                    
INFO:root:  active : 4686                 4734                 4                    
INFO:root:inactive : 1866                 1914                 4                    
INFO:root:inactive : 1986                 4686                 225                  
INFO:root:inactive : 4734                 4746                 1                    
INFO:root:-----------------------------------------------------------
INFO:root:sram
INFO:root:['DiMArchTile_bot_inst_1_1*u_sram']
INFO:root:-----------------------------------------------------------
INFO:root:  active : 1938                 1986                 4                    
INFO:root:  active : 4710                 4734                 2                    
INFO:root:inactive : 1866                 1938                 6                    
INFO:root:inactive : 1986                 4710                 227                  
INFO:root:inactive : 4734                 4746                 1                    
INFO:root:-----------------------------------------------------------
INFO:root:dimarch
INFO:root:['DiMArchTile_bot_inst_1_1*DiMArch']
INFO:root:-----------------------------------------------------------
INFO:root:  active : 1890                 2010                 10                   
INFO:root:  active : 2022                 2034                 1                    
INFO:root:  active : 4674                 4758                 7                    
INFO:root:inactive : 1866                 1890                 2                    
INFO:root:inactive : 2010                 2022                 1                    
INFO:root:inactive : 2034                 4674                 220                  
INFO:root:inactive : 4758                 4746                 -1                   
INFO:root:-----------------------------------------------------------
INFO:root:regfile
INFO:root:['Silago_top_inst*1_0*reg_top']
INFO:root:-----------------------------------------------------------
INFO:root:  active : 1914                 2022                 9                    
INFO:root:  active : 2190                 2334                 12                   
INFO:root:  active : 2370                 2514                 12                   
INFO:root:  active : 2550                 2694                 12                   
INFO:root:  active : 2730                 2874                 12                   
INFO:root:  active : 2910                 3054                 12                   
INFO:root:  active : 3090                 3234                 12                   
INFO:root:  active : 3270                 3414                 12                   
INFO:root:  active : 3450                 3594                 12                   
INFO:root:  active : 3630                 3774                 12                   
INFO:root:  active : 3810                 3954                 12                   
INFO:root:  active : 3990                 4134                 12                   
INFO:root:  active : 4170                 4314                 12                   
INFO:root:  active : 4350                 4494                 12                   
INFO:root:  active : 4530                 4722                 16                   
INFO:root:inactive : 1866                 1914                 4                    
INFO:root:inactive : 2022                 2190                 14                   
INFO:root:inactive : 2334                 2370                 3                    
INFO:root:inactive : 2514                 2550                 3                    
INFO:root:inactive : 2694                 2730                 3                    
INFO:root:inactive : 2874                 2910                 3                    
INFO:root:inactive : 3054                 3090                 3                    
INFO:root:inactive : 3234                 3270                 3                    
INFO:root:inactive : 3414                 3450                 3                    
INFO:root:inactive : 3594                 3630                 3                    
INFO:root:inactive : 3774                 3810                 3                    
INFO:root:inactive : 3954                 3990                 3                    
INFO:root:inactive : 4134                 4170                 3                    
INFO:root:inactive : 4314                 4350                 3                    
INFO:root:inactive : 4494                 4530                 3                    
INFO:root:inactive : 4722                 4746                 2                    
INFO:root:-----------------------------------------------------------
INFO:root:dpu
INFO:root:['Silago_top_inst*1_0*dpu_gen']
INFO:root:-----------------------------------------------------------
INFO:root:  active : 2178                 2298                 10                   
INFO:root:  active : 2358                 2478                 10                   
INFO:root:  active : 2538                 2658                 10                   
INFO:root:  active : 2718                 2838                 10                   
INFO:root:  active : 2898                 3018                 10                   
INFO:root:  active : 3078                 3198                 10                   
INFO:root:  active : 3258                 3378                 10                   
INFO:root:  active : 3438                 3558                 10                   
INFO:root:  active : 3618                 3738                 10                   
INFO:root:  active : 3798                 3918                 10                   
INFO:root:  active : 3978                 4098                 10                   
INFO:root:  active : 4158                 4278                 10                   
INFO:root:  active : 4338                 4458                 10                   
INFO:root:  active : 4518                 4638                 10                   
INFO:root:inactive : 1866                 2178                 26                   
INFO:root:inactive : 2298                 2358                 5                    
INFO:root:inactive : 2478                 2538                 5                    
INFO:root:inactive : 2658                 2718                 5                    
INFO:root:inactive : 2838                 2898                 5                    
INFO:root:inactive : 3018                 3078                 5                    
INFO:root:inactive : 3198                 3258                 5                    
INFO:root:inactive : 3378                 3438                 5                    
INFO:root:inactive : 3558                 3618                 5                    
INFO:root:inactive : 3738                 3798                 5                    
INFO:root:inactive : 3918                 3978                 5                    
INFO:root:inactive : 4098                 4158                 5                    
INFO:root:inactive : 4278                 4338                 5                    
INFO:root:inactive : 4458                 4518                 5                    
INFO:root:inactive : 4638                 4746                 9                    
INFO:root:-----------------------------------------------------------
INFO:root:config_swb
INFO:root:['Silago_top_inst*1_0*config_swb']
INFO:root:-----------------------------------------------------------
INFO:root:  active : 2154                 2190                 3                    
INFO:root:  active : 2226                 2250                 2                    
INFO:root:  active : 2334                 2370                 3                    
INFO:root:  active : 2406                 2430                 2                    
INFO:root:  active : 2514                 2550                 3                    
INFO:root:  active : 2586                 2610                 2                    
INFO:root:  active : 2694                 2730                 3                    
INFO:root:  active : 2766                 2790                 2                    
INFO:root:  active : 2874                 2910                 3                    
INFO:root:  active : 2946                 2970                 2                    
INFO:root:  active : 3054                 3090                 3                    
INFO:root:  active : 3126                 3150                 2                    
INFO:root:  active : 3234                 3270                 3                    
INFO:root:  active : 3306                 3330                 2                    
INFO:root:  active : 3414                 3450                 3                    
INFO:root:  active : 3486                 3510                 2                    
INFO:root:  active : 3594                 3630                 3                    
INFO:root:  active : 3666                 3690                 2                    
INFO:root:  active : 3774                 3810                 3                    
INFO:root:  active : 3846                 3870                 2                    
INFO:root:  active : 3954                 3990                 3                    
INFO:root:  active : 4026                 4050                 2                    
INFO:root:  active : 4134                 4170                 3                    
INFO:root:  active : 4206                 4230                 2                    
INFO:root:  active : 4314                 4350                 3                    
INFO:root:  active : 4386                 4410                 2                    
INFO:root:  active : 4494                 4530                 3                    
INFO:root:  active : 4566                 4590                 2                    
INFO:root:inactive : 1866                 2154                 24                   
INFO:root:inactive : 2190                 2226                 3                    
INFO:root:inactive : 2250                 2334                 7                    
INFO:root:inactive : 2370                 2406                 3                    
INFO:root:inactive : 2430                 2514                 7                    
INFO:root:inactive : 2550                 2586                 3                    
INFO:root:inactive : 2610                 2694                 7                    
INFO:root:inactive : 2730                 2766                 3                    
INFO:root:inactive : 2790                 2874                 7                    
INFO:root:inactive : 2910                 2946                 3                    
INFO:root:inactive : 2970                 3054                 7                    
INFO:root:inactive : 3090                 3126                 3                    
INFO:root:inactive : 3150                 3234                 7                    
INFO:root:inactive : 3270                 3306                 3                    
INFO:root:inactive : 3330                 3414                 7                    
INFO:root:inactive : 3450                 3486                 3                    
INFO:root:inactive : 3510                 3594                 7                    
INFO:root:inactive : 3630                 3666                 3                    
INFO:root:inactive : 3690                 3774                 7                    
INFO:root:inactive : 3810                 3846                 3                    
INFO:root:inactive : 3870                 3954                 7                    
INFO:root:inactive : 3990                 4026                 3                    
INFO:root:inactive : 4050                 4134                 7                    
INFO:root:inactive : 4170                 4206                 3                    
INFO:root:inactive : 4230                 4314                 7                    
INFO:root:inactive : 4350                 4386                 3                    
INFO:root:inactive : 4410                 4494                 7                    
INFO:root:inactive : 4530                 4566                 3                    
INFO:root:inactive : 4590                 4746                 13                   
INFO:root:-----------------------------------------------------------
INFO:root:swb
INFO:root:['Silago_top_inst*1_0*swb']
INFO:root:-----------------------------------------------------------
INFO:root:  active : 2154                 2298                 12                   
INFO:root:  active : 2334                 2478                 12                   
INFO:root:  active : 2514                 2658                 12                   
INFO:root:  active : 2694                 2838                 12                   
INFO:root:  active : 2874                 3018                 12                   
INFO:root:  active : 3054                 3198                 12                   
INFO:root:  active : 3234                 3378                 12                   
INFO:root:  active : 3414                 3558                 12                   
INFO:root:  active : 3594                 3738                 12                   
INFO:root:  active : 3774                 3918                 12                   
INFO:root:  active : 3954                 4098                 12                   
INFO:root:  active : 4134                 4278                 12                   
INFO:root:  active : 4314                 4458                 12                   
INFO:root:  active : 4494                 4638                 12                   
INFO:root:inactive : 1866                 2154                 24                   
INFO:root:inactive : 2298                 2334                 3                    
INFO:root:inactive : 2478                 2514                 3                    
INFO:root:inactive : 2658                 2694                 3                    
INFO:root:inactive : 2838                 2874                 3                    
INFO:root:inactive : 3018                 3054                 3                    
INFO:root:inactive : 3198                 3234                 3                    
INFO:root:inactive : 3378                 3414                 3                    
INFO:root:inactive : 3558                 3594                 3                    
INFO:root:inactive : 3738                 3774                 3                    
INFO:root:inactive : 3918                 3954                 3                    
INFO:root:inactive : 4098                 4134                 3                    
INFO:root:inactive : 4278                 4314                 3                    
INFO:root:inactive : 4458                 4494                 3                    
INFO:root:inactive : 4638                 4746                 9                    
INFO:root:-----------------------------------------------------------
INFO:root:shadow_reg
INFO:root:['Silago_top_inst*1_0*shadowReg']
INFO:root:-----------------------------------------------------------
INFO:root:  active : 1890                 1926                 3                    
INFO:root:  active : 2022                 2034                 1                    
INFO:root:  active : 2154                 2202                 4                    
INFO:root:  active : 2226                 2238                 1                    
INFO:root:  active : 2334                 2382                 4                    
INFO:root:  active : 2406                 2418                 1                    
INFO:root:  active : 2514                 2562                 4                    
INFO:root:  active : 2586                 2598                 1                    
INFO:root:  active : 2694                 2742                 4                    
INFO:root:  active : 2766                 2778                 1                    
INFO:root:  active : 2874                 2922                 4                    
INFO:root:  active : 2946                 2958                 1                    
INFO:root:  active : 3054                 3102                 4                    
INFO:root:  active : 3126                 3138                 1                    
INFO:root:  active : 3234                 3282                 4                    
INFO:root:  active : 3306                 3318                 1                    
INFO:root:  active : 3414                 3462                 4                    
INFO:root:  active : 3486                 3498                 1                    
INFO:root:  active : 3594                 3642                 4                    
INFO:root:  active : 3666                 3678                 1                    
INFO:root:  active : 3774                 3822                 4                    
INFO:root:  active : 3846                 3858                 1                    
INFO:root:  active : 3954                 4002                 4                    
INFO:root:  active : 4026                 4038                 1                    
INFO:root:  active : 4134                 4182                 4                    
INFO:root:  active : 4206                 4218                 1                    
INFO:root:  active : 4314                 4362                 4                    
INFO:root:  active : 4386                 4398                 1                    
INFO:root:  active : 4494                 4542                 4                    
INFO:root:  active : 4566                 4578                 1                    
INFO:root:  active : 4674                 4698                 2                    
INFO:root:inactive : 1866                 1890                 2                    
INFO:root:inactive : 1926                 2022                 8                    
INFO:root:inactive : 2034                 2154                 10                   
INFO:root:inactive : 2202                 2226                 2                    
INFO:root:inactive : 2238                 2334                 8                    
INFO:root:inactive : 2382                 2406                 2                    
INFO:root:inactive : 2418                 2514                 8                    
INFO:root:inactive : 2562                 2586                 2                    
INFO:root:inactive : 2598                 2694                 8                    
INFO:root:inactive : 2742                 2766                 2                    
INFO:root:inactive : 2778                 2874                 8                    
INFO:root:inactive : 2922                 2946                 2                    
INFO:root:inactive : 2958                 3054                 8                    
INFO:root:inactive : 3102                 3126                 2                    
INFO:root:inactive : 3138                 3234                 8                    
INFO:root:inactive : 3282                 3306                 2                    
INFO:root:inactive : 3318                 3414                 8                    
INFO:root:inactive : 3462                 3486                 2                    
INFO:root:inactive : 3498                 3594                 8                    
INFO:root:inactive : 3642                 3666                 2                    
INFO:root:inactive : 3678                 3774                 8                    
INFO:root:inactive : 3822                 3846                 2                    
INFO:root:inactive : 3858                 3954                 8                    
INFO:root:inactive : 4002                 4026                 2                    
INFO:root:inactive : 4038                 4134                 8                    
INFO:root:inactive : 4182                 4206                 2                    
INFO:root:inactive : 4218                 4314                 8                    
INFO:root:inactive : 4362                 4386                 2                    
INFO:root:inactive : 4398                 4494                 8                    
INFO:root:inactive : 4542                 4566                 2                    
INFO:root:inactive : 4578                 4674                 8                    
INFO:root:inactive : 4698                 4746                 4                    
INFO:root:-----------------------------------------------------------
INFO:root:bus_selector
INFO:root:['Silago_top_inst*1_0*u_bus_selector']
INFO:root:-----------------------------------------------------------
INFO:root:  active : 1890                 1926                 3                    
INFO:root:  active : 2022                 2058                 3                    
INFO:root:inactive : 1866                 1890                 2                    
INFO:root:inactive : 1926                 2022                 8                    
INFO:root:inactive : 2058                 4746                 224                  
INFO:root:-----------------------------------------------------------
INFO:root:dimarch_data_in_out_reg
INFO:root:['Silago_top_inst*1_0*dimarch_data_in_out_reg']
INFO:root:-----------------------------------------------------------
INFO:root:  active : 1974                 2022                 4                    
INFO:root:  active : 4746                 4770                 2                    
INFO:root:inactive : 1866                 1974                 9                    
INFO:root:inactive : 2022                 4746                 227                  
INFO:root:inactive : 4770                 4746                 -2                   
INFO:root:Active components for cell <built-in function id>:
INFO:root:      start               end                   cycles              
INFO:root:Assembly: 1866 4746
INFO:root:Loop info:
INFO:root:Loop start: 2142 Loop end: 4662
INFO:root:Active components of instruction: WAIT 1878 0
INFO:root:sequencer [{'start': 1878, 'end': 4746, 'clock_cycles': 239}]
INFO:root:Active components of instruction: REFI 1890 1
INFO:root:sequencer {'start': 1890, 'end': 1902}
INFO:root:regfile [{'start': 1890, 'end': 2130, 'clock_cycles': 20}, {'start': 2142, 'end': 2310, 'clock_cycles': 14}, {'start': 2322, 'end': 2490, 'clock_cycles': 14}, {'start': 2502, 'end': 2670, 'clock_cycles': 14}, {'start': 2682, 'end': 2850, 'clock_cycles': 14}, {'start': 2862, 'end': 3030, 'clock_cycles': 14}, {'start': 3042, 'end': 3210, 'clock_cycles': 14}, {'start': 3222, 'end': 3390, 'clock_cycles': 14}, {'start': 3402, 'end': 3570, 'clock_cycles': 14}, {'start': 3582, 'end': 3750, 'clock_cycles': 14}, {'start': 3762, 'end': 3930, 'clock_cycles': 14}, {'start': 3942, 'end': 4110, 'clock_cycles': 14}, {'start': 4122, 'end': 4290, 'clock_cycles': 14}, {'start': 4302, 'end': 4470, 'clock_cycles': 14}, {'start': 4482, 'end': 4650, 'clock_cycles': 14}]
INFO:root:Active components of instruction: WAIT 1902 4
INFO:root:sequencer {'start': 1902, 'end': 2022}
INFO:root:Active components of instruction: ROUTE 2022 5
INFO:root:sequencer {'start': 2022, 'end': 2034}
INFO:root:noc [{'start': 2022, 'end': 2058, 'clock_cycles': 3}]
INFO:root:dimarch [{'start': 2022, 'end': 2118, 'clock_cycles': 8}]
INFO:root:shadow_reg [{'start': 2022, 'end': 2058, 'clock_cycles': 3}]
INFO:root:bus_selector [{'start': 2022, 'end': 2058, 'clock_cycles': 3}]
INFO:root:Active components of instruction: SRAM 2034 6
INFO:root:sequencer {'start': 2034, 'end': 2046}
INFO:root:dimarch_agu [{'start': 2046, 'end': 2094, 'clock_cycles': 4}]
INFO:root:sram [{'start': 2070, 'end': 2094, 'clock_cycles': 2}]
INFO:root:dimarch {'start': 2034, 'end': 2118}
INFO:root:shadow_reg {'start': 2034, 'end': 2058}
INFO:root:dimarch_data_in_out_reg [{'start': 2106, 'end': 2130, 'clock_cycles': 2}]
INFO:root:Active components of instruction: WAIT 2046 9
INFO:root:sequencer {'start': 2046, 'end': 2130}
INFO:root:Active components of instruction: LOOP 2130 10
INFO:root:sequencer {'start': 2130, 'end': 2142}
INFO:root:Active components of instruction: REFI 2142 11
INFO:root:sequencer {'start': 2142, 'end': 2154}
INFO:root:regfile {'start': 2142, 'end': 2310, 'clock_cycles': 14}
INFO:root:Active components of instruction: WAIT 2154 13
INFO:root:sequencer {'start': 2154, 'end': 2322}
INFO:root:Active components of instruction: REFI 2322 11
INFO:root:sequencer {'start': 2322, 'end': 2334}
INFO:root:regfile {'start': 2322, 'end': 2490, 'clock_cycles': 14}
INFO:root:Active components of instruction: WAIT 2334 13
INFO:root:sequencer {'start': 2334, 'end': 2502}
INFO:root:Active components of instruction: REFI 2502 11
INFO:root:sequencer {'start': 2502, 'end': 2514}
INFO:root:regfile {'start': 2502, 'end': 2670, 'clock_cycles': 14}
INFO:root:Active components of instruction: WAIT 2514 13
INFO:root:sequencer {'start': 2514, 'end': 2682}
INFO:root:Active components of instruction: REFI 2682 11
INFO:root:sequencer {'start': 2682, 'end': 2694}
INFO:root:regfile {'start': 2682, 'end': 2850, 'clock_cycles': 14}
INFO:root:Active components of instruction: WAIT 2694 13
INFO:root:sequencer {'start': 2694, 'end': 2862}
INFO:root:Active components of instruction: REFI 2862 11
INFO:root:sequencer {'start': 2862, 'end': 2874}
INFO:root:regfile {'start': 2862, 'end': 3030, 'clock_cycles': 14}
INFO:root:Active components of instruction: WAIT 2874 13
INFO:root:sequencer {'start': 2874, 'end': 3042}
INFO:root:Active components of instruction: REFI 3042 11
INFO:root:sequencer {'start': 3042, 'end': 3054}
INFO:root:regfile {'start': 3042, 'end': 3210, 'clock_cycles': 14}
INFO:root:Active components of instruction: WAIT 3054 13
INFO:root:sequencer {'start': 3054, 'end': 3222}
INFO:root:Active components of instruction: REFI 3222 11
INFO:root:sequencer {'start': 3222, 'end': 3234}
INFO:root:regfile {'start': 3222, 'end': 3390, 'clock_cycles': 14}
INFO:root:Active components of instruction: WAIT 3234 13
INFO:root:sequencer {'start': 3234, 'end': 3402}
INFO:root:Active components of instruction: REFI 3402 11
INFO:root:sequencer {'start': 3402, 'end': 3414}
INFO:root:regfile {'start': 3402, 'end': 3570, 'clock_cycles': 14}
INFO:root:Active components of instruction: WAIT 3414 13
INFO:root:sequencer {'start': 3414, 'end': 3582}
INFO:root:Active components of instruction: REFI 3582 11
INFO:root:sequencer {'start': 3582, 'end': 3594}
INFO:root:regfile {'start': 3582, 'end': 3750, 'clock_cycles': 14}
INFO:root:Active components of instruction: WAIT 3594 13
INFO:root:sequencer {'start': 3594, 'end': 3762}
INFO:root:Active components of instruction: REFI 3762 11
INFO:root:sequencer {'start': 3762, 'end': 3774}
INFO:root:regfile {'start': 3762, 'end': 3930, 'clock_cycles': 14}
INFO:root:Active components of instruction: WAIT 3774 13
INFO:root:sequencer {'start': 3774, 'end': 3942}
INFO:root:Active components of instruction: REFI 3942 11
INFO:root:sequencer {'start': 3942, 'end': 3954}
INFO:root:regfile {'start': 3942, 'end': 4110, 'clock_cycles': 14}
INFO:root:Active components of instruction: WAIT 3954 13
INFO:root:sequencer {'start': 3954, 'end': 4122}
INFO:root:Active components of instruction: REFI 4122 11
INFO:root:sequencer {'start': 4122, 'end': 4134}
INFO:root:regfile {'start': 4122, 'end': 4290, 'clock_cycles': 14}
INFO:root:Active components of instruction: WAIT 4134 13
INFO:root:sequencer {'start': 4134, 'end': 4302}
INFO:root:Active components of instruction: REFI 4302 11
INFO:root:sequencer {'start': 4302, 'end': 4314}
INFO:root:regfile {'start': 4302, 'end': 4470, 'clock_cycles': 14}
INFO:root:Active components of instruction: WAIT 4314 13
INFO:root:sequencer {'start': 4314, 'end': 4482}
INFO:root:Active components of instruction: REFI 4482 11
INFO:root:sequencer {'start': 4482, 'end': 4494}
INFO:root:regfile {'start': 4482, 'end': 4650, 'clock_cycles': 14}
INFO:root:Active components of instruction: WAIT 4494 13
INFO:root:sequencer {'start': 4494, 'end': 4662}
INFO:root:Active components of instruction: WAIT 4662 14
INFO:root:sequencer {'start': 4662, 'end': 4734}
INFO:root:Active components of instruction: HALT 4734 15
INFO:root:sequencer {'start': 4734, 'end': 4746}
INFO:root:-----------------------------------------------------------
INFO:root:sequencer
INFO:root:['Silago_bot_l_corner_inst*0_1*seq_gen']
INFO:root:-----------------------------------------------------------
INFO:root:  active : 1878                 4746                 239                  
INFO:root:inactive : 1866                 1878                 1                    
INFO:root:-----------------------------------------------------------
INFO:root:noc
INFO:root:['Silago_bot_l_corner_inst*0_1*noc', 'Silago_bot_l_corner_inst*0_1*partition', 'Silago_bot_l_corner_inst*0_1*splitter']
INFO:root:-----------------------------------------------------------
INFO:root:  active : 2022                 2058                 3                    
INFO:root:inactive : 1866                 2022                 13                   
INFO:root:inactive : 2058                 4746                 224                  
INFO:root:-----------------------------------------------------------
INFO:root:dimarch_agu
INFO:root:['DiMArchTile_bot_l_inst_0_1*AGU']
INFO:root:-----------------------------------------------------------
INFO:root:  active : 2046                 2094                 4                    
INFO:root:inactive : 1866                 2046                 15                   
INFO:root:inactive : 2094                 4746                 221                  
INFO:root:-----------------------------------------------------------
INFO:root:sram
INFO:root:['DiMArchTile_bot_l_inst_0_1*u_sram']
INFO:root:-----------------------------------------------------------
INFO:root:  active : 2070                 2094                 2                    
INFO:root:inactive : 1866                 2070                 17                   
INFO:root:inactive : 2094                 4746                 221                  
INFO:root:-----------------------------------------------------------
INFO:root:dimarch
INFO:root:['DiMArchTile_bot_l_inst_0_1*DiMArch']
INFO:root:-----------------------------------------------------------
INFO:root:  active : 2022                 2118                 8                    
INFO:root:inactive : 1866                 2022                 13                   
INFO:root:inactive : 2118                 4746                 219                  
INFO:root:-----------------------------------------------------------
INFO:root:regfile
INFO:root:['Silago_bot_l_corner_inst*0_1*reg_top']
INFO:root:-----------------------------------------------------------
INFO:root:  active : 1890                 2130                 20                   
INFO:root:  active : 2142                 2310                 14                   
INFO:root:  active : 2322                 2490                 14                   
INFO:root:  active : 2502                 2670                 14                   
INFO:root:  active : 2682                 2850                 14                   
INFO:root:  active : 2862                 3030                 14                   
INFO:root:  active : 3042                 3210                 14                   
INFO:root:  active : 3222                 3390                 14                   
INFO:root:  active : 3402                 3570                 14                   
INFO:root:  active : 3582                 3750                 14                   
INFO:root:  active : 3762                 3930                 14                   
INFO:root:  active : 3942                 4110                 14                   
INFO:root:  active : 4122                 4290                 14                   
INFO:root:  active : 4302                 4470                 14                   
INFO:root:  active : 4482                 4650                 14                   
INFO:root:inactive : 1866                 1890                 2                    
INFO:root:inactive : 2130                 2142                 1                    
INFO:root:inactive : 2310                 2322                 1                    
INFO:root:inactive : 2490                 2502                 1                    
INFO:root:inactive : 2670                 2682                 1                    
INFO:root:inactive : 2850                 2862                 1                    
INFO:root:inactive : 3030                 3042                 1                    
INFO:root:inactive : 3210                 3222                 1                    
INFO:root:inactive : 3390                 3402                 1                    
INFO:root:inactive : 3570                 3582                 1                    
INFO:root:inactive : 3750                 3762                 1                    
INFO:root:inactive : 3930                 3942                 1                    
INFO:root:inactive : 4110                 4122                 1                    
INFO:root:inactive : 4290                 4302                 1                    
INFO:root:inactive : 4470                 4482                 1                    
INFO:root:inactive : 4650                 4746                 8                    
INFO:root:-----------------------------------------------------------
INFO:root:shadow_reg
INFO:root:['Silago_bot_l_corner_inst*0_1*shadowReg']
INFO:root:-----------------------------------------------------------
INFO:root:  active : 2022                 2058                 3                    
INFO:root:inactive : 1866                 2022                 13                   
INFO:root:inactive : 2058                 4746                 224                  
INFO:root:-----------------------------------------------------------
INFO:root:bus_selector
INFO:root:['Silago_bot_l_corner_inst*0_1*u_bus_selector']
INFO:root:-----------------------------------------------------------
INFO:root:  active : 2022                 2058                 3                    
INFO:root:inactive : 1866                 2022                 13                   
INFO:root:inactive : 2058                 4746                 224                  
INFO:root:-----------------------------------------------------------
INFO:root:dimarch_data_in_out_reg
INFO:root:['Silago_bot_l_corner_inst*0_1*dimarch_data_in_out_reg']
INFO:root:-----------------------------------------------------------
INFO:root:  active : 2106                 2130                 2                    
INFO:root:inactive : 1866                 2106                 20                   
INFO:root:inactive : 2130                 4746                 218                  
